<?xml version="1.0" encoding="utf-8"?>
<TestRun id="f78105eb-d5d1-468e-a92d-8f8390bb6031" name="bhavi@BHAVIK 2026-01-13 23:50:45" runUser="BHAVIK\bhavi" xmlns="http://microsoft.com/schemas/VisualStudio/TeamTest/2010">
  <Times creation="2026-01-13T23:50:45.6082603+05:30" queuing="2026-01-13T23:50:45.6082608+05:30" start="2026-01-13T23:50:43.7913419+05:30" finish="2026-01-13T23:50:55.0107969+05:30" />
  <TestSettings name="default" id="2f06659e-dab7-47fd-bdb0-3b7295c55791">
    <Deployment runDeploymentRoot="bhavi_BHAVIK_2026-01-13_23_50_45" />
  </TestSettings>
  <Results>
    <UnitTestResult executionId="76c00e0e-1201-428c-9a33-61449978d748" testId="f6ff86c2-2d9e-28bb-de35-bb57380965bb" testName="FactoryMonitoring.IntegrationTests.LogFileContentLoadTests.DeduplicationUnderLoad_50ConcurrentRequests" computerName="BHAVIK" duration="00:00:00.5500926" startTime="2026-01-13T23:50:44.8644575+05:30" endTime="2026-01-13T23:50:44.8644577+05:30" testType="13cdc9d9-ddb5-4fa4-a97d-d965ccfc6d4b" outcome="Failed" testListId="8c84fa94-04c1-424b-9868-57a2d4851a1d" relativeResultsDirectory="76c00e0e-1201-428c-9a33-61449978d748">
      <Output>
        <ErrorInfo>
          <Message>Expected agentRequestCount to be 1 because Only 1 agent request should be made for 50 users, but found 50 (difference of 49).</Message>
          <StackTrace>   at FluentAssertions.Execution.XUnit2TestFramework.Throw(String message)&#xD;
   at FluentAssertions.Execution.TestFrameworkProvider.Throw(String message)&#xD;
   at FluentAssertions.Execution.DefaultAssertionStrategy.HandleFailure(String message)&#xD;
   at FluentAssertions.Execution.AssertionScope.FailWith(Func`1 failReasonFunc)&#xD;
   at FluentAssertions.Execution.AssertionScope.FailWith(Func`1 failReasonFunc)&#xD;
   at FluentAssertions.Execution.AssertionScope.FailWith(String message, Object[] args)&#xD;
   at FluentAssertions.Numeric.NumericAssertions`2.Be(T expected, String because, Object[] becauseArgs)&#xD;
   at FactoryMonitoring.IntegrationTests.LogFileContentLoadTests.DeduplicationUnderLoad_50ConcurrentRequests() in D:\Projects\Modal Management\Github Code\FactoryMonitoring\tests\FactoryMonitoring.IntegrationTests\LogFileContentLoadTests.cs:line 189&#xD;
--- End of stack trace from previous location ---</StackTrace>
        </ErrorInfo>
      </Output>
    </UnitTestResult>
    <UnitTestResult executionId="f5f47578-48b5-4c67-8855-4cacb275770b" testId="6b23255e-96c0-3513-786a-75cc28f59969" testName="FactoryMonitoring.IntegrationTests.LogFileContentLoadTests.MemoryPressure_SustainedLoad_30Seconds" computerName="BHAVIK" duration="00:00:10.0904887" startTime="2026-01-13T23:50:54.9410499+05:30" endTime="2026-01-13T23:50:54.9410502+05:30" testType="13cdc9d9-ddb5-4fa4-a97d-d965ccfc6d4b" outcome="Passed" testListId="8c84fa94-04c1-424b-9868-57a2d4851a1d" relativeResultsDirectory="f5f47578-48b5-4c67-8855-4cacb275770b" />
    <UnitTestResult executionId="8c78be7b-db68-433e-a99e-e84bb6e867dc" testId="8f6fd37f-e76e-6615-d3a9-100d301e041e" testName="FactoryMonitoring.IntegrationTests.LogStructureSyncLoadTests.JsonSerializationOverhead_365KB_Payloads" computerName="BHAVIK" duration="00:00:01.4459865" startTime="2026-01-13T23:50:47.1932558+05:30" endTime="2026-01-13T23:50:47.1932561+05:30" testType="13cdc9d9-ddb5-4fa4-a97d-d965ccfc6d4b" outcome="Failed" testListId="8c84fa94-04c1-424b-9868-57a2d4851a1d" relativeResultsDirectory="8c78be7b-db68-433e-a99e-e84bb6e867dc">
      <Output>
        <ErrorInfo>
          <Message>Expected parsesPerSecond to be greater than 500.0 because Parsing throughput 98/sec cannot handle 500 agents!, but found 98.32841691248773 (difference of -401.67158308751226).</Message>
          <StackTrace>   at FluentAssertions.Execution.XUnit2TestFramework.Throw(String message)&#xD;
   at FluentAssertions.Execution.TestFrameworkProvider.Throw(String message)&#xD;
   at FluentAssertions.Execution.DefaultAssertionStrategy.HandleFailure(String message)&#xD;
   at FluentAssertions.Execution.AssertionScope.FailWith(Func`1 failReasonFunc)&#xD;
   at FluentAssertions.Execution.AssertionScope.FailWith(Func`1 failReasonFunc)&#xD;
   at FluentAssertions.Execution.AssertionScope.FailWith(String message, Object[] args)&#xD;
   at FluentAssertions.Numeric.NumericAssertions`2.BeGreaterThan(T expected, String because, Object[] becauseArgs)&#xD;
   at FactoryMonitoring.IntegrationTests.LogStructureSyncLoadTests.JsonSerializationOverhead_365KB_Payloads() in D:\Projects\Modal Management\Github Code\FactoryMonitoring\tests\FactoryMonitoring.IntegrationTests\LogStructureSyncLoadTests.cs:line 167&#xD;
   at System.RuntimeMethodHandle.InvokeMethod(Object target, Void** arguments, Signature sig, Boolean isConstructor)&#xD;
   at System.Reflection.MethodBaseInvoker.InvokeWithNoArgs(Object obj, BindingFlags invokeAttr)</StackTrace>
        </ErrorInfo>
      </Output>
    </UnitTestResult>
    <UnitTestResult executionId="d6ec6165-04a9-4e8d-8e03-5611dcf806a4" testId="17a3dd3b-c538-b607-5665-962609af80ab" testName="FactoryMonitoring.IntegrationTests.LogStructureSyncLoadTests.ConnectionPoolExhaustion_500ConcurrentConnections" computerName="BHAVIK" duration="00:00:00.1035813" startTime="2026-01-13T23:50:45.7472311+05:30" endTime="2026-01-13T23:50:45.7472366+05:30" testType="13cdc9d9-ddb5-4fa4-a97d-d965ccfc6d4b" outcome="Failed" testListId="8c84fa94-04c1-424b-9868-57a2d4851a1d" relativeResultsDirectory="d6ec6165-04a9-4e8d-8e03-5611dcf806a4">
      <Output>
        <ErrorInfo>
          <Message>Microsoft.EntityFrameworkCore.DbUpdateException : An error occurred while saving the entity changes. See the inner exception for details.&#xD;
---- Microsoft.Data.SqlClient.SqlException : Cannot insert explicit value for identity column in table 'FactoryPCs' when IDENTITY_INSERT is set to OFF.</Message>
          <StackTrace>   at Microsoft.EntityFrameworkCore.Update.ReaderModificationCommandBatch.ExecuteAsync(IRelationalConnection connection, CancellationToken cancellationToken)&#xD;
   at Microsoft.EntityFrameworkCore.SqlServer.Update.Internal.SqlServerModificationCommandBatch.ExecuteAsync(IRelationalConnection connection, CancellationToken cancellationToken)&#xD;
   at Microsoft.EntityFrameworkCore.Update.Internal.BatchExecutor.ExecuteAsync(IEnumerable`1 commandBatches, IRelationalConnection connection, CancellationToken cancellationToken)&#xD;
   at Microsoft.EntityFrameworkCore.Update.Internal.BatchExecutor.ExecuteAsync(IEnumerable`1 commandBatches, IRelationalConnection connection, CancellationToken cancellationToken)&#xD;
   at Microsoft.EntityFrameworkCore.Update.Internal.BatchExecutor.ExecuteAsync(IEnumerable`1 commandBatches, IRelationalConnection connection, CancellationToken cancellationToken)&#xD;
   at Microsoft.EntityFrameworkCore.ChangeTracking.Internal.StateManager.SaveChangesAsync(IList`1 entriesToSave, CancellationToken cancellationToken)&#xD;
   at Microsoft.EntityFrameworkCore.ChangeTracking.Internal.StateManager.SaveChangesAsync(StateManager stateManager, Boolean acceptAllChangesOnSuccess, CancellationToken cancellationToken)&#xD;
   at Microsoft.EntityFrameworkCore.Storage.ExecutionStrategy.&lt;&gt;c__DisplayClass30_0`2.&lt;&lt;ExecuteAsync&gt;b__0&gt;d.MoveNext()&#xD;
--- End of stack trace from previous location ---&#xD;
   at Microsoft.EntityFrameworkCore.Storage.ExecutionStrategy.ExecuteImplementationAsync[TState,TResult](Func`4 operation, Func`4 verifySucceeded, TState state, CancellationToken cancellationToken)&#xD;
   at Microsoft.EntityFrameworkCore.Storage.ExecutionStrategy.ExecuteImplementationAsync[TState,TResult](Func`4 operation, Func`4 verifySucceeded, TState state, CancellationToken cancellationToken)&#xD;
   at Microsoft.EntityFrameworkCore.Storage.ExecutionStrategy.ExecuteAsync[TState,TResult](TState state, Func`4 operation, Func`4 verifySucceeded, CancellationToken cancellationToken)&#xD;
   at Microsoft.EntityFrameworkCore.DbContext.SaveChangesAsync(Boolean acceptAllChangesOnSuccess, CancellationToken cancellationToken)&#xD;
   at Microsoft.EntityFrameworkCore.DbContext.SaveChangesAsync(Boolean acceptAllChangesOnSuccess, CancellationToken cancellationToken)&#xD;
   at FactoryMonitoring.IntegrationTests.LogStructureSyncLoadTests.SeedAgents(Int32 count) in D:\Projects\Modal Management\Github Code\FactoryMonitoring\tests\FactoryMonitoring.IntegrationTests\LogStructureSyncLoadTests.cs:line 361&#xD;
   at FactoryMonitoring.IntegrationTests.LogStructureSyncLoadTests.ConnectionPoolExhaustion_500ConcurrentConnections() in D:\Projects\Modal Management\Github Code\FactoryMonitoring\tests\FactoryMonitoring.IntegrationTests\LogStructureSyncLoadTests.cs:line 287&#xD;
--- End of stack trace from previous location ---&#xD;
----- Inner Stack Trace -----&#xD;
   at Microsoft.Data.SqlClient.SqlCommand.&lt;&gt;c.&lt;ExecuteDbDataReaderAsync&gt;b__209_0(Task`1 result)&#xD;
   at System.Threading.Tasks.ContinuationResultTaskFromResultTask`2.InnerInvoke()&#xD;
   at System.Threading.ExecutionContext.RunInternal(ExecutionContext executionContext, ContextCallback callback, Object state)&#xD;
--- End of stack trace from previous location ---&#xD;
   at System.Threading.ExecutionContext.RunInternal(ExecutionContext executionContext, ContextCallback callback, Object state)&#xD;
   at System.Threading.Tasks.Task.ExecuteWithThreadLocal(Task&amp; currentTaskSlot, Thread threadPoolThread)&#xD;
--- End of stack trace from previous location ---&#xD;
   at Microsoft.EntityFrameworkCore.Storage.RelationalCommand.ExecuteReaderAsync(RelationalCommandParameterObject parameterObject, CancellationToken cancellationToken)&#xD;
   at Microsoft.EntityFrameworkCore.Storage.RelationalCommand.ExecuteReaderAsync(RelationalCommandParameterObject parameterObject, CancellationToken cancellationToken)&#xD;
   at Microsoft.EntityFrameworkCore.Update.ReaderModificationCommandBatch.ExecuteAsync(IRelationalConnection connection, CancellationToken cancellationToken)</StackTrace>
        </ErrorInfo>
      </Output>
    </UnitTestResult>
    <UnitTestResult executionId="5303afc9-6273-4d61-95dd-f5e1293da930" testId="8cca1c1d-cc55-e522-9087-55cfe91969ab" testName="FactoryMonitoring.IntegrationTests.LogStructureSyncLoadTests.RaceConditions_DataIntegrity_UnderSaturation" computerName="BHAVIK" duration="00:00:00.0644720" startTime="2026-01-13T23:50:45.6474832+05:30" endTime="2026-01-13T23:50:45.6474836+05:30" testType="13cdc9d9-ddb5-4fa4-a97d-d965ccfc6d4b" outcome="Failed" testListId="8c84fa94-04c1-424b-9868-57a2d4851a1d" relativeResultsDirectory="5303afc9-6273-4d61-95dd-f5e1293da930">
      <Output>
        <ErrorInfo>
          <Message>Microsoft.EntityFrameworkCore.DbUpdateException : An error occurred while saving the entity changes. See the inner exception for details.&#xD;
---- Microsoft.Data.SqlClient.SqlException : Cannot insert explicit value for identity column in table 'FactoryPCs' when IDENTITY_INSERT is set to OFF.</Message>
          <StackTrace>   at Microsoft.EntityFrameworkCore.Update.ReaderModificationCommandBatch.ExecuteAsync(IRelationalConnection connection, CancellationToken cancellationToken)&#xD;
   at Microsoft.EntityFrameworkCore.SqlServer.Update.Internal.SqlServerModificationCommandBatch.ExecuteAsync(IRelationalConnection connection, CancellationToken cancellationToken)&#xD;
   at Microsoft.EntityFrameworkCore.Update.Internal.BatchExecutor.ExecuteAsync(IEnumerable`1 commandBatches, IRelationalConnection connection, CancellationToken cancellationToken)&#xD;
   at Microsoft.EntityFrameworkCore.Update.Internal.BatchExecutor.ExecuteAsync(IEnumerable`1 commandBatches, IRelationalConnection connection, CancellationToken cancellationToken)&#xD;
   at Microsoft.EntityFrameworkCore.Update.Internal.BatchExecutor.ExecuteAsync(IEnumerable`1 commandBatches, IRelationalConnection connection, CancellationToken cancellationToken)&#xD;
   at Microsoft.EntityFrameworkCore.ChangeTracking.Internal.StateManager.SaveChangesAsync(IList`1 entriesToSave, CancellationToken cancellationToken)&#xD;
   at Microsoft.EntityFrameworkCore.ChangeTracking.Internal.StateManager.SaveChangesAsync(StateManager stateManager, Boolean acceptAllChangesOnSuccess, CancellationToken cancellationToken)&#xD;
   at Microsoft.EntityFrameworkCore.Storage.ExecutionStrategy.&lt;&gt;c__DisplayClass30_0`2.&lt;&lt;ExecuteAsync&gt;b__0&gt;d.MoveNext()&#xD;
--- End of stack trace from previous location ---&#xD;
   at Microsoft.EntityFrameworkCore.Storage.ExecutionStrategy.ExecuteImplementationAsync[TState,TResult](Func`4 operation, Func`4 verifySucceeded, TState state, CancellationToken cancellationToken)&#xD;
   at Microsoft.EntityFrameworkCore.Storage.ExecutionStrategy.ExecuteImplementationAsync[TState,TResult](Func`4 operation, Func`4 verifySucceeded, TState state, CancellationToken cancellationToken)&#xD;
   at Microsoft.EntityFrameworkCore.Storage.ExecutionStrategy.ExecuteAsync[TState,TResult](TState state, Func`4 operation, Func`4 verifySucceeded, CancellationToken cancellationToken)&#xD;
   at Microsoft.EntityFrameworkCore.DbContext.SaveChangesAsync(Boolean acceptAllChangesOnSuccess, CancellationToken cancellationToken)&#xD;
   at Microsoft.EntityFrameworkCore.DbContext.SaveChangesAsync(Boolean acceptAllChangesOnSuccess, CancellationToken cancellationToken)&#xD;
   at FactoryMonitoring.IntegrationTests.LogStructureSyncLoadTests.SeedAgents(Int32 count) in D:\Projects\Modal Management\Github Code\FactoryMonitoring\tests\FactoryMonitoring.IntegrationTests\LogStructureSyncLoadTests.cs:line 361&#xD;
   at FactoryMonitoring.IntegrationTests.LogStructureSyncLoadTests.RaceConditions_DataIntegrity_UnderSaturation() in D:\Projects\Modal Management\Github Code\FactoryMonitoring\tests\FactoryMonitoring.IntegrationTests\LogStructureSyncLoadTests.cs:line 186&#xD;
--- End of stack trace from previous location ---&#xD;
----- Inner Stack Trace -----&#xD;
   at Microsoft.Data.SqlClient.SqlCommand.&lt;&gt;c.&lt;ExecuteDbDataReaderAsync&gt;b__209_0(Task`1 result)&#xD;
   at System.Threading.Tasks.ContinuationResultTaskFromResultTask`2.InnerInvoke()&#xD;
   at System.Threading.ExecutionContext.RunInternal(ExecutionContext executionContext, ContextCallback callback, Object state)&#xD;
--- End of stack trace from previous location ---&#xD;
   at System.Threading.ExecutionContext.RunInternal(ExecutionContext executionContext, ContextCallback callback, Object state)&#xD;
   at System.Threading.Tasks.Task.ExecuteWithThreadLocal(Task&amp; currentTaskSlot, Thread threadPoolThread)&#xD;
--- End of stack trace from previous location ---&#xD;
   at Microsoft.EntityFrameworkCore.Storage.RelationalCommand.ExecuteReaderAsync(RelationalCommandParameterObject parameterObject, CancellationToken cancellationToken)&#xD;
   at Microsoft.EntityFrameworkCore.Storage.RelationalCommand.ExecuteReaderAsync(RelationalCommandParameterObject parameterObject, CancellationToken cancellationToken)&#xD;
   at Microsoft.EntityFrameworkCore.Update.ReaderModificationCommandBatch.ExecuteAsync(IRelationalConnection connection, CancellationToken cancellationToken)</StackTrace>
        </ErrorInfo>
      </Output>
    </UnitTestResult>
    <UnitTestResult executionId="1be9860d-af16-4f9b-8141-3a455941170d" testId="0487cf2b-1e2e-429b-7d87-fdbff6615a0d" testName="FactoryMonitoring.IntegrationTests.LogFileContentLoadTests.RealMemoryConsumption_100MB_Limit" computerName="BHAVIK" duration="00:00:00.1107552" startTime="2026-01-13T23:50:44.2967447+05:30" endTime="2026-01-13T23:50:44.2967458+05:30" testType="13cdc9d9-ddb5-4fa4-a97d-d965ccfc6d4b" outcome="Passed" testListId="8c84fa94-04c1-424b-9868-57a2d4851a1d" relativeResultsDirectory="1be9860d-af16-4f9b-8141-3a455941170d" />
    <UnitTestResult executionId="156d2ff7-300a-43c0-a80a-ae4879e88595" testId="24f8170c-fe50-ab23-7941-b9fc82eb2117" testName="FactoryMonitoring.IntegrationTests.LogStructureSyncLoadTests.DatabaseBackpressure_500Agents_365KB_LogStructures" computerName="BHAVIK" duration="00:00:00.4762021" startTime="2026-01-13T23:50:45.5759404+05:30" endTime="2026-01-13T23:50:45.5759407+05:30" testType="13cdc9d9-ddb5-4fa4-a97d-d965ccfc6d4b" outcome="Failed" testListId="8c84fa94-04c1-424b-9868-57a2d4851a1d" relativeResultsDirectory="156d2ff7-300a-43c0-a80a-ae4879e88595">
      <Output>
        <ErrorInfo>
          <Message>Microsoft.EntityFrameworkCore.DbUpdateException : An error occurred while saving the entity changes. See the inner exception for details.&#xD;
---- Microsoft.Data.SqlClient.SqlException : Cannot insert explicit value for identity column in table 'FactoryPCs' when IDENTITY_INSERT is set to OFF.</Message>
          <StackTrace>   at Microsoft.EntityFrameworkCore.Update.ReaderModificationCommandBatch.ExecuteAsync(IRelationalConnection connection, CancellationToken cancellationToken)&#xD;
   at Microsoft.EntityFrameworkCore.SqlServer.Update.Internal.SqlServerModificationCommandBatch.ExecuteAsync(IRelationalConnection connection, CancellationToken cancellationToken)&#xD;
   at Microsoft.EntityFrameworkCore.Update.Internal.BatchExecutor.ExecuteAsync(IEnumerable`1 commandBatches, IRelationalConnection connection, CancellationToken cancellationToken)&#xD;
   at Microsoft.EntityFrameworkCore.Update.Internal.BatchExecutor.ExecuteAsync(IEnumerable`1 commandBatches, IRelationalConnection connection, CancellationToken cancellationToken)&#xD;
   at Microsoft.EntityFrameworkCore.Update.Internal.BatchExecutor.ExecuteAsync(IEnumerable`1 commandBatches, IRelationalConnection connection, CancellationToken cancellationToken)&#xD;
   at Microsoft.EntityFrameworkCore.ChangeTracking.Internal.StateManager.SaveChangesAsync(IList`1 entriesToSave, CancellationToken cancellationToken)&#xD;
   at Microsoft.EntityFrameworkCore.ChangeTracking.Internal.StateManager.SaveChangesAsync(StateManager stateManager, Boolean acceptAllChangesOnSuccess, CancellationToken cancellationToken)&#xD;
   at Microsoft.EntityFrameworkCore.Storage.ExecutionStrategy.&lt;&gt;c__DisplayClass30_0`2.&lt;&lt;ExecuteAsync&gt;b__0&gt;d.MoveNext()&#xD;
--- End of stack trace from previous location ---&#xD;
   at Microsoft.EntityFrameworkCore.Storage.ExecutionStrategy.ExecuteImplementationAsync[TState,TResult](Func`4 operation, Func`4 verifySucceeded, TState state, CancellationToken cancellationToken)&#xD;
   at Microsoft.EntityFrameworkCore.Storage.ExecutionStrategy.ExecuteImplementationAsync[TState,TResult](Func`4 operation, Func`4 verifySucceeded, TState state, CancellationToken cancellationToken)&#xD;
   at Microsoft.EntityFrameworkCore.Storage.ExecutionStrategy.ExecuteAsync[TState,TResult](TState state, Func`4 operation, Func`4 verifySucceeded, CancellationToken cancellationToken)&#xD;
   at Microsoft.EntityFrameworkCore.DbContext.SaveChangesAsync(Boolean acceptAllChangesOnSuccess, CancellationToken cancellationToken)&#xD;
   at Microsoft.EntityFrameworkCore.DbContext.SaveChangesAsync(Boolean acceptAllChangesOnSuccess, CancellationToken cancellationToken)&#xD;
   at FactoryMonitoring.IntegrationTests.LogStructureSyncLoadTests.SeedAgents(Int32 count) in D:\Projects\Modal Management\Github Code\FactoryMonitoring\tests\FactoryMonitoring.IntegrationTests\LogStructureSyncLoadTests.cs:line 361&#xD;
   at FactoryMonitoring.IntegrationTests.LogStructureSyncLoadTests.DatabaseBackpressure_500Agents_365KB_LogStructures() in D:\Projects\Modal Management\Github Code\FactoryMonitoring\tests\FactoryMonitoring.IntegrationTests\LogStructureSyncLoadTests.cs:line 49&#xD;
--- End of stack trace from previous location ---&#xD;
----- Inner Stack Trace -----&#xD;
   at Microsoft.Data.SqlClient.SqlCommand.&lt;&gt;c.&lt;ExecuteDbDataReaderAsync&gt;b__209_0(Task`1 result)&#xD;
   at System.Threading.Tasks.ContinuationResultTaskFromResultTask`2.InnerInvoke()&#xD;
   at System.Threading.ExecutionContext.RunInternal(ExecutionContext executionContext, ContextCallback callback, Object state)&#xD;
--- End of stack trace from previous location ---&#xD;
   at System.Threading.ExecutionContext.RunInternal(ExecutionContext executionContext, ContextCallback callback, Object state)&#xD;
   at System.Threading.Tasks.Task.ExecuteWithThreadLocal(Task&amp; currentTaskSlot, Thread threadPoolThread)&#xD;
--- End of stack trace from previous location ---&#xD;
   at Microsoft.EntityFrameworkCore.Storage.RelationalCommand.ExecuteReaderAsync(RelationalCommandParameterObject parameterObject, CancellationToken cancellationToken)&#xD;
   at Microsoft.EntityFrameworkCore.Storage.RelationalCommand.ExecuteReaderAsync(RelationalCommandParameterObject parameterObject, CancellationToken cancellationToken)&#xD;
   at Microsoft.EntityFrameworkCore.Update.ReaderModificationCommandBatch.ExecuteAsync(IRelationalConnection connection, CancellationToken cancellationToken)</StackTrace>
        </ErrorInfo>
      </Output>
    </UnitTestResult>
    <UnitTestResult executionId="f18fc198-00ec-41d2-bb62-78d144a165d9" testId="69bdb944-b482-7dff-7d0a-6dd955d5e2ff" testName="FactoryMonitoring.IntegrationTests.UnitTest1.Test1" computerName="BHAVIK" duration="00:00:00.0019621" startTime="2026-01-13T23:50:44.1936624+05:30" endTime="2026-01-13T23:50:44.1936943+05:30" testType="13cdc9d9-ddb5-4fa4-a97d-d965ccfc6d4b" outcome="Passed" testListId="8c84fa94-04c1-424b-9868-57a2d4851a1d" relativeResultsDirectory="f18fc198-00ec-41d2-bb62-78d144a165d9" />
  </Results>
  <TestDefinitions>
    <UnitTest name="FactoryMonitoring.IntegrationTests.LogStructureSyncLoadTests.RaceConditions_DataIntegrity_UnderSaturation" storage="d:\projects\modal management\github code\factorymonitoring\tests\factorymonitoring.integrationtests\bin\debug\net9.0\factorymonitoring.integrationtests.dll" id="8cca1c1d-cc55-e522-9087-55cfe91969ab">
      <Execution id="5303afc9-6273-4d61-95dd-f5e1293da930" />
      <TestMethod codeBase="D:\Projects\Modal Management\Github Code\FactoryMonitoring\tests\FactoryMonitoring.IntegrationTests\bin\Debug\net9.0\FactoryMonitoring.IntegrationTests.dll" adapterTypeName="executor://xunit/VsTestRunner2/netcoreapp" className="FactoryMonitoring.IntegrationTests.LogStructureSyncLoadTests" name="RaceConditions_DataIntegrity_UnderSaturation" />
    </UnitTest>
    <UnitTest name="FactoryMonitoring.IntegrationTests.LogStructureSyncLoadTests.JsonSerializationOverhead_365KB_Payloads" storage="d:\projects\modal management\github code\factorymonitoring\tests\factorymonitoring.integrationtests\bin\debug\net9.0\factorymonitoring.integrationtests.dll" id="8f6fd37f-e76e-6615-d3a9-100d301e041e">
      <Execution id="8c78be7b-db68-433e-a99e-e84bb6e867dc" />
      <TestMethod codeBase="D:\Projects\Modal Management\Github Code\FactoryMonitoring\tests\FactoryMonitoring.IntegrationTests\bin\Debug\net9.0\FactoryMonitoring.IntegrationTests.dll" adapterTypeName="executor://xunit/VsTestRunner2/netcoreapp" className="FactoryMonitoring.IntegrationTests.LogStructureSyncLoadTests" name="JsonSerializationOverhead_365KB_Payloads" />
    </UnitTest>
    <UnitTest name="FactoryMonitoring.IntegrationTests.LogFileContentLoadTests.MemoryPressure_SustainedLoad_30Seconds" storage="d:\projects\modal management\github code\factorymonitoring\tests\factorymonitoring.integrationtests\bin\debug\net9.0\factorymonitoring.integrationtests.dll" id="6b23255e-96c0-3513-786a-75cc28f59969">
      <Execution id="f5f47578-48b5-4c67-8855-4cacb275770b" />
      <TestMethod codeBase="D:\Projects\Modal Management\Github Code\FactoryMonitoring\tests\FactoryMonitoring.IntegrationTests\bin\Debug\net9.0\FactoryMonitoring.IntegrationTests.dll" adapterTypeName="executor://xunit/VsTestRunner2/netcoreapp" className="FactoryMonitoring.IntegrationTests.LogFileContentLoadTests" name="MemoryPressure_SustainedLoad_30Seconds" />
    </UnitTest>
    <UnitTest name="FactoryMonitoring.IntegrationTests.LogStructureSyncLoadTests.DatabaseBackpressure_500Agents_365KB_LogStructures" storage="d:\projects\modal management\github code\factorymonitoring\tests\factorymonitoring.integrationtests\bin\debug\net9.0\factorymonitoring.integrationtests.dll" id="24f8170c-fe50-ab23-7941-b9fc82eb2117">
      <Execution id="156d2ff7-300a-43c0-a80a-ae4879e88595" />
      <TestMethod codeBase="D:\Projects\Modal Management\Github Code\FactoryMonitoring\tests\FactoryMonitoring.IntegrationTests\bin\Debug\net9.0\FactoryMonitoring.IntegrationTests.dll" adapterTypeName="executor://xunit/VsTestRunner2/netcoreapp" className="FactoryMonitoring.IntegrationTests.LogStructureSyncLoadTests" name="DatabaseBackpressure_500Agents_365KB_LogStructures" />
    </UnitTest>
    <UnitTest name="FactoryMonitoring.IntegrationTests.LogStructureSyncLoadTests.ConnectionPoolExhaustion_500ConcurrentConnections" storage="d:\projects\modal management\github code\factorymonitoring\tests\factorymonitoring.integrationtests\bin\debug\net9.0\factorymonitoring.integrationtests.dll" id="17a3dd3b-c538-b607-5665-962609af80ab">
      <Execution id="d6ec6165-04a9-4e8d-8e03-5611dcf806a4" />
      <TestMethod codeBase="D:\Projects\Modal Management\Github Code\FactoryMonitoring\tests\FactoryMonitoring.IntegrationTests\bin\Debug\net9.0\FactoryMonitoring.IntegrationTests.dll" adapterTypeName="executor://xunit/VsTestRunner2/netcoreapp" className="FactoryMonitoring.IntegrationTests.LogStructureSyncLoadTests" name="ConnectionPoolExhaustion_500ConcurrentConnections" />
    </UnitTest>
    <UnitTest name="FactoryMonitoring.IntegrationTests.LogFileContentLoadTests.DeduplicationUnderLoad_50ConcurrentRequests" storage="d:\projects\modal management\github code\factorymonitoring\tests\factorymonitoring.integrationtests\bin\debug\net9.0\factorymonitoring.integrationtests.dll" id="f6ff86c2-2d9e-28bb-de35-bb57380965bb">
      <Execution id="76c00e0e-1201-428c-9a33-61449978d748" />
      <TestMethod codeBase="D:\Projects\Modal Management\Github Code\FactoryMonitoring\tests\FactoryMonitoring.IntegrationTests\bin\Debug\net9.0\FactoryMonitoring.IntegrationTests.dll" adapterTypeName="executor://xunit/VsTestRunner2/netcoreapp" className="FactoryMonitoring.IntegrationTests.LogFileContentLoadTests" name="DeduplicationUnderLoad_50ConcurrentRequests" />
    </UnitTest>
    <UnitTest name="FactoryMonitoring.IntegrationTests.UnitTest1.Test1" storage="d:\projects\modal management\github code\factorymonitoring\tests\factorymonitoring.integrationtests\bin\debug\net9.0\factorymonitoring.integrationtests.dll" id="69bdb944-b482-7dff-7d0a-6dd955d5e2ff">
      <Execution id="f18fc198-00ec-41d2-bb62-78d144a165d9" />
      <TestMethod codeBase="D:\Projects\Modal Management\Github Code\FactoryMonitoring\tests\FactoryMonitoring.IntegrationTests\bin\Debug\net9.0\FactoryMonitoring.IntegrationTests.dll" adapterTypeName="executor://xunit/VsTestRunner2/netcoreapp" className="FactoryMonitoring.IntegrationTests.UnitTest1" name="Test1" />
    </UnitTest>
    <UnitTest name="FactoryMonitoring.IntegrationTests.LogFileContentLoadTests.RealMemoryConsumption_100MB_Limit" storage="d:\projects\modal management\github code\factorymonitoring\tests\factorymonitoring.integrationtests\bin\debug\net9.0\factorymonitoring.integrationtests.dll" id="0487cf2b-1e2e-429b-7d87-fdbff6615a0d">
      <Execution id="1be9860d-af16-4f9b-8141-3a455941170d" />
      <TestMethod codeBase="D:\Projects\Modal Management\Github Code\FactoryMonitoring\tests\FactoryMonitoring.IntegrationTests\bin\Debug\net9.0\FactoryMonitoring.IntegrationTests.dll" adapterTypeName="executor://xunit/VsTestRunner2/netcoreapp" className="FactoryMonitoring.IntegrationTests.LogFileContentLoadTests" name="RealMemoryConsumption_100MB_Limit" />
    </UnitTest>
  </TestDefinitions>
  <TestEntries>
    <TestEntry testId="f6ff86c2-2d9e-28bb-de35-bb57380965bb" executionId="76c00e0e-1201-428c-9a33-61449978d748" testListId="8c84fa94-04c1-424b-9868-57a2d4851a1d" />
    <TestEntry testId="6b23255e-96c0-3513-786a-75cc28f59969" executionId="f5f47578-48b5-4c67-8855-4cacb275770b" testListId="8c84fa94-04c1-424b-9868-57a2d4851a1d" />
    <TestEntry testId="8f6fd37f-e76e-6615-d3a9-100d301e041e" executionId="8c78be7b-db68-433e-a99e-e84bb6e867dc" testListId="8c84fa94-04c1-424b-9868-57a2d4851a1d" />
    <TestEntry testId="17a3dd3b-c538-b607-5665-962609af80ab" executionId="d6ec6165-04a9-4e8d-8e03-5611dcf806a4" testListId="8c84fa94-04c1-424b-9868-57a2d4851a1d" />
    <TestEntry testId="8cca1c1d-cc55-e522-9087-55cfe91969ab" executionId="5303afc9-6273-4d61-95dd-f5e1293da930" testListId="8c84fa94-04c1-424b-9868-57a2d4851a1d" />
    <TestEntry testId="0487cf2b-1e2e-429b-7d87-fdbff6615a0d" executionId="1be9860d-af16-4f9b-8141-3a455941170d" testListId="8c84fa94-04c1-424b-9868-57a2d4851a1d" />
    <TestEntry testId="24f8170c-fe50-ab23-7941-b9fc82eb2117" executionId="156d2ff7-300a-43c0-a80a-ae4879e88595" testListId="8c84fa94-04c1-424b-9868-57a2d4851a1d" />
    <TestEntry testId="69bdb944-b482-7dff-7d0a-6dd955d5e2ff" executionId="f18fc198-00ec-41d2-bb62-78d144a165d9" testListId="8c84fa94-04c1-424b-9868-57a2d4851a1d" />
  </TestEntries>
  <TestLists>
    <TestList name="Results Not in a List" id="8c84fa94-04c1-424b-9868-57a2d4851a1d" />
    <TestList name="All Loaded Results" id="19431567-8539-422a-85d7-44ee4e166bda" />
  </TestLists>
  <ResultSummary outcome="Failed">
    <Counters total="8" executed="8" passed="3" failed="5" error="0" timeout="0" aborted="0" inconclusive="0" passedButRunAborted="0" notRunnable="0" notExecuted="0" disconnected="0" warning="0" completed="0" inProgress="0" pending="0" />
    <Output>
      <StdOut>[xUnit.net 00:00:00.00] xUnit.net VSTest Adapter v2.8.2+699d445a1a (64-bit .NET 9.0.11)&#xD;
[xUnit.net 00:00:00.05]   Discovering: FactoryMonitoring.IntegrationTests&#xD;
[xUnit.net 00:00:00.07]   Discovered:  FactoryMonitoring.IntegrationTests&#xD;
[xUnit.net 00:00:00.07]   Starting:    FactoryMonitoring.IntegrationTests&#xD;
[SETUP] Baseline memory: 0.0 MB&#xD;
  After 5 files: 50.0 MB in cache, 5 items&#xD;
  After 10 files: 100.0 MB in cache, 10 items&#xD;
  After 15 files: 100.0 MB in cache, 10 items&#xD;
  After 20 files: 100.0 MB in cache, 10 items&#xD;
[RESULTS] Memory Consumption Test&#xD;
  Cache reports:    100.0 MB&#xD;
  Actual .NET heap: 100.0 MB used&#xD;
  Items in cache:   10&#xD;
  Evictions:        10&#xD;
[SETUP] Simulating 50 users requesting same file...&#xD;
[RESULTS] Deduplication Test&#xD;
  Total users:       50&#xD;
  Agent requests:    50&#xD;
  Total time:        516 ms&#xD;
  Avg latency:       512.9 ms&#xD;
  Errors:            0&#xD;
[SETUP] Running sustained load for 10 seconds...&#xD;
  Initial memory: 2.0 MB&#xD;
[xUnit.net 00:00:00.78]       Expected agentRequestCount to be 1 because Only 1 agent request should be made for 50 users, but found 50 (difference of 49).&#xD;
[xUnit.net 00:00:00.78]       Stack Trace:&#xD;
[xUnit.net 00:00:00.78]            at FluentAssertions.Execution.XUnit2TestFramework.Throw(String message)&#xD;
[xUnit.net 00:00:00.78]            at FluentAssertions.Execution.TestFrameworkProvider.Throw(String message)&#xD;
[xUnit.net 00:00:00.78]            at FluentAssertions.Execution.DefaultAssertionStrategy.HandleFailure(String message)&#xD;
[xUnit.net 00:00:00.78]            at FluentAssertions.Execution.AssertionScope.FailWith(Func`1 failReasonFunc)&#xD;
[xUnit.net 00:00:00.78]            at FluentAssertions.Execution.AssertionScope.FailWith(Func`1 failReasonFunc)&#xD;
[xUnit.net 00:00:00.78]            at FluentAssertions.Execution.AssertionScope.FailWith(String message, Object[] args)&#xD;
[xUnit.net 00:00:00.78]            at FluentAssertions.Numeric.NumericAssertions`2.Be(T expected, String because, Object[] becauseArgs)&#xD;
[xUnit.net 00:00:00.78]         D:\Projects\Modal Management\Github Code\FactoryMonitoring\tests\FactoryMonitoring.IntegrationTests\LogFileContentLoadTests.cs(189,0): at FactoryMonitoring.IntegrationTests.LogFileContentLoadTests.DeduplicationUnderLoad_50ConcurrentRequests()&#xD;
[xUnit.net 00:00:00.78]         --- End of stack trace from previous location ---&#xD;
fail: Microsoft.EntityFrameworkCore.Database.Command[20102]&#xD;
      Failed executing DbCommand (26ms) [Parameters=[@p0='?' (DbType = Int32), @p1='?' (Size = 500), @p2='?' (Size = 50), @p3='?' (DbType = Boolean), @p4='?' (DbType = Boolean), @p5='?' (DbType = DateTime2), @p6='?' (DbType = DateTime2), @p7='?' (DbType = Int32), @p8='?' (Size = 500), @p9='?' (Size = 4000), @p10='?' (Size = 500), @p11='?' (Size = 20), @p12='?' (DbType = Int32), @p13='?' (DbType = DateTime2), @p14='?' (DbType = Int32), @p15='?' (Size = 500), @p16='?' (Size = 50), @p17='?' (DbType = Boolean), @p18='?' (DbType = Boolean), @p19='?' (DbType = DateTime2), @p20='?' (DbType = DateTime2), @p21='?' (DbType = Int32), @p22='?' (Size = 500), @p23='?' (Size = 4000), @p24='?' (Size = 500), @p25='?' (Size = 20), @p26='?' (DbType = Int32), @p27='?' (DbType = DateTime2), @p28='?' (DbType = Int32), @p29='?' (Size = 500), @p30='?' (Size = 50), @p31='?' (DbType = Boolean), @p32='?' (DbType = Boolean), @p33='?' (DbType = DateTime2), @p34='?' (DbType = DateTime2), @p35='?' (DbType = Int32), @p36='?' (Size = 500), @p37='?' (Size = 4000), @p38='?' (Size = 500), @p39='?' (Size = 20), @p40='?' (DbType = Int32), @p41='?' (DbType = DateTime2), @p42='?' (DbType = Int32), @p43='?' (Size = 500), @p44='?' (Size = 50), @p45='?' (DbType = Boolean), @p46='?' (DbType = Boolean), @p47='?' (DbType = DateTime2), @p48='?' (DbType = DateTime2), @p49='?' (DbType = Int32), @p50='?' (Size = 500), @p51='?' (Size = 4000), @p52='?' (Size = 500), @p53='?' (Size = 20), @p54='?' (DbType = Int32), @p55='?' (DbType = DateTime2), @p56='?' (DbType = Int32), @p57='?' (Size = 500), @p58='?' (Size = 50), @p59='?' (DbType = Boolean), @p60='?' (DbType = Boolean), @p61='?' (DbType = DateTime2), @p62='?' (DbType = DateTime2), @p63='?' (DbType = Int32), @p64='?' (Size = 500), @p65='?' (Size = 4000), @p66='?' (Size = 500), @p67='?' (Size = 20), @p68='?' (DbType = Int32), @p69='?' (DbType = DateTime2), @p70='?' (DbType = Int32), @p71='?' (Size = 500), @p72='?' (Size = 50), @p73='?' (DbType = Boolean), @p74='?' (DbType = Boolean), @p75='?' (DbType = DateTime2), @p76='?' (DbType = DateTime2), @p77='?' (DbType = Int32), @p78='?' (Size = 500), @p79='?' (Size = 4000), @p80='?' (Size = 500), @p81='?' (Size = 20), @p82='?' (DbType = Int32), @p83='?' (DbType = DateTime2), @p84='?' (DbType = Int32), @p85='?' (Size = 500), @p86='?' (Size = 50), @p87='?' (DbType = Boolean), @p88='?' (DbType = Boolean), @p89='?' (DbType = DateTime2), @p90='?' (DbType = DateTime2), @p91='?' (DbType = Int32), @p92='?' (Size = 500), @p93='?' (Size = 4000), @p94='?' (Size = 500), @p95='?' (Size = 20), @p96='?' (DbType = Int32), @p97='?' (DbType = DateTime2), @p98='?' (DbType = Int32), @p99='?' (Size = 500), @p100='?' (Size = 50), @p101='?' (DbType = Boolean), @p102='?' (DbType = Boolean), @p103='?' (DbType = DateTime2), @p104='?' (DbType = DateTime2), @p105='?' (DbType = Int32), @p106='?' (Size = 500), @p107='?' (Size = 4000), @p108='?' (Size = 500), @p109='?' (Size = 20), @p110='?' (DbType = Int32), @p111='?' (DbType = DateTime2), @p112='?' (DbType = Int32), @p113='?' (Size = 500), @p114='?' (Size = 50), @p115='?' (DbType = Boolean), @p116='?' (DbType = Boolean), @p117='?' (DbType = DateTime2), @p118='?' (DbType = DateTime2), @p119='?' (DbType = Int32), @p120='?' (Size = 500), @p121='?' (Size = 4000), @p122='?' (Size = 500), @p123='?' (Size = 20), @p124='?' (DbType = Int32), @p125='?' (DbType = DateTime2), @p126='?' (DbType = Int32), @p127='?' (Size = 500), @p128='?' (Size = 50), @p129='?' (DbType = Boolean), @p130='?' (DbType = Boolean), @p131='?' (DbType = DateTime2), @p132='?' (DbType = DateTime2), @p133='?' (DbType = Int32), @p134='?' (Size = 500), @p135='?' (Size = 4000), @p136='?' (Size = 500), @p137='?' (Size = 20), @p138='?' (DbType = Int32), @p139='?' (DbType = DateTime2), @p140='?' (DbType = Int32), @p141='?' (Size = 500), @p142='?' (Size = 50), @p143='?' (DbType = Boolean), @p144='?' (DbType = Boolean), @p145='?' (DbType = DateTime2), @p146='?' (DbType = DateTime2), @p147='?' (DbType = Int32), @p148='?' (Size = 500), @p149='?' (Size = 4000), @p150='?' (Size = 500), @p151='?' (Size = 20), @p152='?' (DbType = Int32), @p153='?' (DbType = DateTime2), @p154='?' (DbType = Int32), @p155='?' (Size = 500), @p156='?' (Size = 50), @p157='?' (DbType = Boolean), @p158='?' (DbType = Boolean), @p159='?' (DbType = DateTime2), @p160='?' (DbType = DateTime2), @p161='?' (DbType = Int32), @p162='?' (Size = 500), @p163='?' (Size = 4000), @p164='?' (Size = 500), @p165='?' (Size = 20), @p166='?' (DbType = Int32), @p167='?' (DbType = DateTime2), @p168='?' (DbType = Int32), @p169='?' (Size = 500), @p170='?' (Size = 50), @p171='?' (DbType = Boolean), @p172='?' (DbType = Boolean), @p173='?' (DbType = DateTime2), @p174='?' (DbType = DateTime2), @p175='?' (DbType = Int32), @p176='?' (Size = 500), @p177='?' (Size = 4000), @p178='?' (Size = 500), @p179='?' (Size = 20), @p180='?' (DbType = Int32), @p181='?' (DbType = DateTime2), @p182='?' (DbType = Int32), @p183='?' (Size = 500), @p184='?' (Size = 50), @p185='?' (DbType = Boolean), @p186='?' (DbType = Boolean), @p187='?' (DbType = DateTime2), @p188='?' (DbType = DateTime2), @p189='?' (DbType = Int32), @p190='?' (Size = 500), @p191='?' (Size = 4000), @p192='?' (Size = 500), @p193='?' (Size = 20), @p194='?' (DbType = Int32), @p195='?' (DbType = DateTime2), @p196='?' (DbType = Int32), @p197='?' (Size = 500), @p198='?' (Size = 50), @p199='?' (DbType = Boolean), @p200='?' (DbType = Boolean), @p201='?' (DbType = DateTime2), @p202='?' (DbType = DateTime2), @p203='?' (DbType = Int32), @p204='?' (Size = 500), @p205='?' (Size = 4000), @p206='?' (Size = 500), @p207='?' (Size = 20), @p208='?' (DbType = Int32), @p209='?' (DbType = DateTime2), @p210='?' (DbType = Int32), @p211='?' (Size = 500), @p212='?' (Size = 50), @p213='?' (DbType = Boolean), @p214='?' (DbType = Boolean), @p215='?' (DbType = DateTime2), @p216='?' (DbType = DateTime2), @p217='?' (DbType = Int32), @p218='?' (Size = 500), @p219='?' (Size = 4000), @p220='?' (Size = 500), @p221='?' (Size = 20), @p222='?' (DbType = Int32), @p223='?' (DbType = DateTime2), @p224='?' (DbType = Int32), @p225='?' (Size = 500), @p226='?' (Size = 50), @p227='?' (DbType = Boolean), @p228='?' (DbType = Boolean), @p229='?' (DbType = DateTime2), @p230='?' (DbType = DateTime2), @p231='?' (DbType = Int32), @p232='?' (Size = 500), @p233='?' (Size = 4000), @p234='?' (Size = 500), @p235='?' (Size = 20), @p236='?' (DbType = Int32), @p237='?' (DbType = DateTime2), @p238='?' (DbType = Int32), @p239='?' (Size = 500), @p240='?' (Size = 50), @p241='?' (DbType = Boolean), @p242='?' (DbType = Boolean), @p243='?' (DbType = DateTime2), @p244='?' (DbType = DateTime2), @p245='?' (DbType = Int32), @p246='?' (Size = 500), @p247='?' (Size = 4000), @p248='?' (Size = 500), @p249='?' (Size = 20), @p250='?' (DbType = Int32), @p251='?' (DbType = DateTime2), @p252='?' (DbType = Int32), @p253='?' (Size = 500), @p254='?' (Size = 50), @p255='?' (DbType = Boolean), @p256='?' (DbType = Boolean), @p257='?' (DbType = DateTime2), @p258='?' (DbType = DateTime2), @p259='?' (DbType = Int32), @p260='?' (Size = 500), @p261='?' (Size = 4000), @p262='?' (Size = 500), @p263='?' (Size = 20), @p264='?' (DbType = Int32), @p265='?' (DbType = DateTime2), @p266='?' (DbType = Int32), @p267='?' (Size = 500), @p268='?' (Size = 50), @p269='?' (DbType = Boolean), @p270='?' (DbType = Boolean), @p271='?' (DbType = DateTime2), @p272='?' (DbType = DateTime2), @p273='?' (DbType = Int32), @p274='?' (Size = 500), @p275='?' (Size = 4000), @p276='?' (Size = 500), @p277='?' (Size = 20), @p278='?' (DbType = Int32), @p279='?' (DbType = DateTime2), @p280='?' (DbType = Int32), @p281='?' (Size = 500), @p282='?' (Size = 50), @p283='?' (DbType = Boolean), @p284='?' (DbType = Boolean), @p285='?' (DbType = DateTime2), @p286='?' (DbType = DateTime2), @p287='?' (DbType = Int32), @p288='?' (Size = 500), @p289='?' (Size = 4000), @p290='?' (Size = 500), @p291='?' (Size = 20), @p292='?' (DbType = Int32), @p293='?' (DbType = DateTime2), @p294='?' (DbType = Int32), @p295='?' (Size = 500), @p296='?' (Size = 50), @p297='?' (DbType = Boolean), @p298='?' (DbType = Boolean), @p299='?' (DbType = DateTime2), @p300='?' (DbType = DateTime2), @p301='?' (DbType = Int32), @p302='?' (Size = 500), @p303='?' (Size = 4000), @p304='?' (Size = 500), @p305='?' (Size = 20), @p306='?' (DbType = Int32), @p307='?' (DbType = DateTime2), @p308='?' (DbType = Int32), @p309='?' (Size = 500), @p310='?' (Size = 50), @p311='?' (DbType = Boolean), @p312='?' (DbType = Boolean), @p313='?' (DbType = DateTime2), @p314='?' (DbType = DateTime2), @p315='?' (DbType = Int32), @p316='?' (Size = 500), @p317='?' (Size = 4000), @p318='?' (Size = 500), @p319='?' (Size = 20), @p320='?' (DbType = Int32), @p321='?' (DbType = DateTime2), @p322='?' (DbType = Int32), @p323='?' (Size = 500), @p324='?' (Size = 50), @p325='?' (DbType = Boolean), @p326='?' (DbType = Boolean), @p327='?' (DbType = DateTime2), @p328='?' (DbType = DateTime2), @p329='?' (DbType = Int32), @p330='?' (Size = 500), @p331='?' (Size = 4000), @p332='?' (Size = 500), @p333='?' (Size = 20), @p334='?' (DbType = Int32), @p335='?' (DbType = DateTime2), @p336='?' (DbType = Int32), @p337='?' (Size = 500), @p338='?' (Size = 50), @p339='?' (DbType = Boolean), @p340='?' (DbType = Boolean), @p341='?' (DbType = DateTime2), @p342='?' (DbType = DateTime2), @p343='?' (DbType = Int32), @p344='?' (Size = 500), @p345='?' (Size = 4000), @p346='?' (Size = 500), @p347='?' (Size = 20), @p348='?' (DbType = Int32), @p349='?' (DbType = DateTime2), @p350='?' (DbType = Int32), @p351='?' (Size = 500), @p352='?' (Size = 50), @p353='?' (DbType = Boolean), @p354='?' (DbType = Boolean), @p355='?' (DbType = DateTime2), @p356='?' (DbType = DateTime2), @p357='?' (DbType = Int32), @p358='?' (Size = 500), @p359='?' (Size = 4000), @p360='?' (Size = 500), @p361='?' (Size = 20), @p362='?' (DbType = Int32), @p363='?' (DbType = DateTime2), @p364='?' (DbType = Int32), @p365='?' (Size = 500), @p366='?' (Size = 50), @p367='?' (DbType = Boolean), @p368='?' (DbType = Boolean), @p369='?' (DbType = DateTime2), @p370='?' (DbType = DateTime2), @p371='?' (DbType = Int32), @p372='?' (Size = 500), @p373='?' (Size = 4000), @p374='?' (Size = 500), @p375='?' (Size = 20), @p376='?' (DbType = Int32), @p377='?' (DbType = DateTime2), @p378='?' (DbType = Int32), @p379='?' (Size = 500), @p380='?' (Size = 50), @p381='?' (DbType = Boolean), @p382='?' (DbType = Boolean), @p383='?' (DbType = DateTime2), @p384='?' (DbType = DateTime2), @p385='?' (DbType = Int32), @p386='?' (Size = 500), @p387='?' (Size = 4000), @p388='?' (Size = 500), @p389='?' (Size = 20), @p390='?' (DbType = Int32), @p391='?' (DbType = DateTime2), @p392='?' (DbType = Int32), @p393='?' (Size = 500), @p394='?' (Size = 50), @p395='?' (DbType = Boolean), @p396='?' (DbType = Boolean), @p397='?' (DbType = DateTime2), @p398='?' (DbType = DateTime2), @p399='?' (DbType = Int32), @p400='?' (Size = 500), @p401='?' (Size = 4000), @p402='?' (Size = 500), @p403='?' (Size = 20), @p404='?' (DbType = Int32), @p405='?' (DbType = DateTime2), @p406='?' (DbType = Int32), @p407='?' (Size = 500), @p408='?' (Size = 50), @p409='?' (DbType = Boolean), @p410='?' (DbType = Boolean), @p411='?' (DbType = DateTime2), @p412='?' (DbType = DateTime2), @p413='?' (DbType = Int32), @p414='?' (Size = 500), @p415='?' (Size = 4000), @p416='?' (Size = 500), @p417='?' (Size = 20), @p418='?' (DbType = Int32), @p419='?' (DbType = DateTime2), @p420='?' (DbType = Int32), @p421='?' (Size = 500), @p422='?' (Size = 50), @p423='?' (DbType = Boolean), @p424='?' (DbType = Boolean), @p425='?' (DbType = DateTime2), @p426='?' (DbType = DateTime2), @p427='?' (DbType = Int32), @p428='?' (Size = 500), @p429='?' (Size = 4000), @p430='?' (Size = 500), @p431='?' (Size = 20), @p432='?' (DbType = Int32), @p433='?' (DbType = DateTime2), @p434='?' (DbType = Int32), @p435='?' (Size = 500), @p436='?' (Size = 50), @p437='?' (DbType = Boolean), @p438='?' (DbType = Boolean), @p439='?' (DbType = DateTime2), @p440='?' (DbType = DateTime2), @p441='?' (DbType = Int32), @p442='?' (Size = 500), @p443='?' (Size = 4000), @p444='?' (Size = 500), @p445='?' (Size = 20), @p446='?' (DbType = Int32), @p447='?' (DbType = DateTime2), @p448='?' (DbType = Int32), @p449='?' (Size = 500), @p450='?' (Size = 50), @p451='?' (DbType = Boolean), @p452='?' (DbType = Boolean), @p453='?' (DbType = DateTime2), @p454='?' (DbType = DateTime2), @p455='?' (DbType = Int32), @p456='?' (Size = 500), @p457='?' (Size = 4000), @p458='?' (Size = 500), @p459='?' (Size = 20), @p460='?' (DbType = Int32), @p461='?' (DbType = DateTime2), @p462='?' (DbType = Int32), @p463='?' (Size = 500), @p464='?' (Size = 50), @p465='?' (DbType = Boolean), @p466='?' (DbType = Boolean), @p467='?' (DbType = DateTime2), @p468='?' (DbType = DateTime2), @p469='?' (DbType = Int32), @p470='?' (Size = 500), @p471='?' (Size = 4000), @p472='?' (Size = 500), @p473='?' (Size = 20), @p474='?' (DbType = Int32), @p475='?' (DbType = DateTime2), @p476='?' (DbType = Int32), @p477='?' (Size = 500), @p478='?' (Size = 50), @p479='?' (DbType = Boolean), @p480='?' (DbType = Boolean), @p481='?' (DbType = DateTime2), @p482='?' (DbType = DateTime2), @p483='?' (DbType = Int32), @p484='?' (Size = 500), @p485='?' (Size = 4000), @p486='?' (Size = 500), @p487='?' (Size = 20), @p488='?' (DbType = Int32), @p489='?' (DbType = DateTime2), @p490='?' (DbType = Int32), @p491='?' (Size = 500), @p492='?' (Size = 50), @p493='?' (DbType = Boolean), @p494='?' (DbType = Boolean), @p495='?' (DbType = DateTime2), @p496='?' (DbType = DateTime2), @p497='?' (DbType = Int32), @p498='?' (Size = 500), @p499='?' (Size = 4000), @p500='?' (Size = 500), @p501='?' (Size = 20), @p502='?' (DbType = Int32), @p503='?' (DbType = DateTime2), @p504='?' (DbType = Int32), @p505='?' (Size = 500), @p506='?' (Size = 50), @p507='?' (DbType = Boolean), @p508='?' (DbType = Boolean), @p509='?' (DbType = DateTime2), @p510='?' (DbType = DateTime2), @p511='?' (DbType = Int32), @p512='?' (Size = 500), @p513='?' (Size = 4000), @p514='?' (Size = 500), @p515='?' (Size = 20), @p516='?' (DbType = Int32), @p517='?' (DbType = DateTime2), @p518='?' (DbType = Int32), @p519='?' (Size = 500), @p520='?' (Size = 50), @p521='?' (DbType = Boolean), @p522='?' (DbType = Boolean), @p523='?' (DbType = DateTime2), @p524='?' (DbType = DateTime2), @p525='?' (DbType = Int32), @p526='?' (Size = 500), @p527='?' (Size = 4000), @p528='?' (Size = 500), @p529='?' (Size = 20), @p530='?' (DbType = Int32), @p531='?' (DbType = DateTime2), @p532='?' (DbType = Int32), @p533='?' (Size = 500), @p534='?' (Size = 50), @p535='?' (DbType = Boolean), @p536='?' (DbType = Boolean), @p537='?' (DbType = DateTime2), @p538='?' (DbType = DateTime2), @p539='?' (DbType = Int32), @p540='?' (Size = 500), @p541='?' (Size = 4000), @p542='?' (Size = 500), @p543='?' (Size = 20), @p544='?' (DbType = Int32), @p545='?' (DbType = DateTime2), @p546='?' (DbType = Int32), @p547='?' (Size = 500), @p548='?' (Size = 50), @p549='?' (DbType = Boolean), @p550='?' (DbType = Boolean), @p551='?' (DbType = DateTime2), @p552='?' (DbType = DateTime2), @p553='?' (DbType = Int32), @p554='?' (Size = 500), @p555='?' (Size = 4000), @p556='?' (Size = 500), @p557='?' (Size = 20), @p558='?' (DbType = Int32), @p559='?' (DbType = DateTime2), @p560='?' (DbType = Int32), @p561='?' (Size = 500), @p562='?' (Size = 50), @p563='?' (DbType = Boolean), @p564='?' (DbType = Boolean), @p565='?' (DbType = DateTime2), @p566='?' (DbType = DateTime2), @p567='?' (DbType = Int32), @p568='?' (Size = 500), @p569='?' (Size = 4000), @p570='?' (Size = 500), @p571='?' (Size = 20), @p572='?' (DbType = Int32), @p573='?' (DbType = DateTime2), @p574='?' (DbType = Int32), @p575='?' (Size = 500), @p576='?' (Size = 50), @p577='?' (DbType = Boolean), @p578='?' (DbType = Boolean), @p579='?' (DbType = DateTime2), @p580='?' (DbType = DateTime2), @p581='?' (DbType = Int32), @p582='?' (Size = 500), @p583='?' (Size = 4000), @p584='?' (Size = 500), @p585='?' (Size = 20), @p586='?' (DbType = Int32), @p587='?' (DbType = DateTime2)], CommandType='Text', CommandTimeout='120']&#xD;
      SET IMPLICIT_TRANSACTIONS OFF;&#xD;
      SET NOCOUNT ON;&#xD;
      INSERT INTO [FactoryPCs] ([PCId], [ConfigFilePath], [IPAddress], [IsApplicationRunning], [IsOnline], [LastHeartbeat], [LastUpdated], [LineNumber], [LogFolderPath], [LogStructureJson], [ModelFolderPath], [ModelVersion], [PCNumber], [RegisteredDate])&#xD;
      VALUES (@p0, @p1, @p2, @p3, @p4, @p5, @p6, @p7, @p8, @p9, @p10, @p11, @p12, @p13),&#xD;
      (@p14, @p15, @p16, @p17, @p18, @p19, @p20, @p21, @p22, @p23, @p24, @p25, @p26, @p27),&#xD;
      (@p28, @p29, @p30, @p31, @p32, @p33, @p34, @p35, @p36, @p37, @p38, @p39, @p40, @p41),&#xD;
      (@p42, @p43, @p44, @p45, @p46, @p47, @p48, @p49, @p50, @p51, @p52, @p53, @p54, @p55),&#xD;
      (@p56, @p57, @p58, @p59, @p60, @p61, @p62, @p63, @p64, @p65, @p66, @p67, @p68, @p69),&#xD;
      (@p70, @p71, @p72, @p73, @p74, @p75, @p76, @p77, @p78, @p79, @p80, @p81, @p82, @p83),&#xD;
      (@p84, @p85, @p86, @p87, @p88, @p89, @p90, @p91, @p92, @p93, @p94, @p95, @p96, @p97),&#xD;
      (@p98, @p99, @p100, @p101, @p102, @p103, @p104, @p105, @p106, @p107, @p108, @p109, @p110, @p111),&#xD;
      (@p112, @p113, @p114, @p115, @p116, @p117, @p118, @p119, @p120, @p121, @p122, @p123, @p124, @p125),&#xD;
      (@p126, @p127, @p128, @p129, @p130, @p131, @p132, @p133, @p134, @p135, @p136, @p137, @p138, @p139),&#xD;
      (@p140, @p141, @p142, @p143, @p144, @p145, @p146, @p147, @p148, @p149, @p150, @p151, @p152, @p153),&#xD;
      (@p154, @p155, @p156, @p157, @p158, @p159, @p160, @p161, @p162, @p163, @p164, @p165, @p166, @p167),&#xD;
      (@p168, @p169, @p170, @p171, @p172, @p173, @p174, @p175, @p176, @p177, @p178, @p179, @p180, @p181),&#xD;
      (@p182, @p183, @p184, @p185, @p186, @p187, @p188, @p189, @p190, @p191, @p192, @p193, @p194, @p195),&#xD;
      (@p196, @p197, @p198, @p199, @p200, @p201, @p202, @p203, @p204, @p205, @p206, @p207, @p208, @p209),&#xD;
      (@p210, @p211, @p212, @p213, @p214, @p215, @p216, @p217, @p218, @p219, @p220, @p221, @p222, @p223),&#xD;
      (@p224, @p225, @p226, @p227, @p228, @p229, @p230, @p231, @p232, @p233, @p234, @p235, @p236, @p237),&#xD;
      (@p238, @p239, @p240, @p241, @p242, @p243, @p244, @p245, @p246, @p247, @p248, @p249, @p250, @p251),&#xD;
      (@p252, @p253, @p254, @p255, @p256, @p257, @p258, @p259, @p260, @p261, @p262, @p263, @p264, @p265),&#xD;
      (@p266, @p267, @p268, @p269, @p270, @p271, @p272, @p273, @p274, @p275, @p276, @p277, @p278, @p279),&#xD;
      (@p280, @p281, @p282, @p283, @p284, @p285, @p286, @p287, @p288, @p289, @p290, @p291, @p292, @p293),&#xD;
      (@p294, @p295, @p296, @p297, @p298, @p299, @p300, @p301, @p302, @p303, @p304, @p305, @p306, @p307),&#xD;
      (@p308, @p309, @p310, @p311, @p312, @p313, @p314, @p315, @p316, @p317, @p318, @p319, @p320, @p321),&#xD;
      (@p322, @p323, @p324, @p325, @p326, @p327, @p328, @p329, @p330, @p331, @p332, @p333, @p334, @p335),&#xD;
      (@p336, @p337, @p338, @p339, @p340, @p341, @p342, @p343, @p344, @p345, @p346, @p347, @p348, @p349),&#xD;
      (@p350, @p351, @p352, @p353, @p354, @p355, @p356, @p357, @p358, @p359, @p360, @p361, @p362, @p363),&#xD;
      (@p364, @p365, @p366, @p367, @p368, @p369, @p370, @p371, @p372, @p373, @p374, @p375, @p376, @p377),&#xD;
      (@p378, @p379, @p380, @p381, @p382, @p383, @p384, @p385, @p386, @p387, @p388, @p389, @p390, @p391),&#xD;
      (@p392, @p393, @p394, @p395, @p396, @p397, @p398, @p399, @p400, @p401, @p402, @p403, @p404, @p405),&#xD;
      (@p406, @p407, @p408, @p409, @p410, @p411, @p412, @p413, @p414, @p415, @p416, @p417, @p418, @p419),&#xD;
      (@p420, @p421, @p422, @p423, @p424, @p425, @p426, @p427, @p428, @p429, @p430, @p431, @p432, @p433),&#xD;
      (@p434, @p435, @p436, @p437, @p438, @p439, @p440, @p441, @p442, @p443, @p444, @p445, @p446, @p447),&#xD;
      (@p448, @p449, @p450, @p451, @p452, @p453, @p454, @p455, @p456, @p457, @p458, @p459, @p460, @p461),&#xD;
      (@p462, @p463, @p464, @p465, @p466, @p467, @p468, @p469, @p470, @p471, @p472, @p473, @p474, @p475),&#xD;
      (@p476, @p477, @p478, @p479, @p480, @p481, @p482, @p483, @p484, @p485, @p486, @p487, @p488, @p489),&#xD;
      (@p490, @p491, @p492, @p493, @p494, @p495, @p496, @p497, @p498, @p499, @p500, @p501, @p502, @p503),&#xD;
      (@p504, @p505, @p506, @p507, @p508, @p509, @p510, @p511, @p512, @p513, @p514, @p515, @p516, @p517),&#xD;
      (@p518, @p519, @p520, @p521, @p522, @p523, @p524, @p525, @p526, @p527, @p528, @p529, @p530, @p531),&#xD;
      (@p532, @p533, @p534, @p535, @p536, @p537, @p538, @p539, @p540, @p541, @p542, @p543, @p544, @p545),&#xD;
      (@p546, @p547, @p548, @p549, @p550, @p551, @p552, @p553, @p554, @p555, @p556, @p557, @p558, @p559),&#xD;
      (@p560, @p561, @p562, @p563, @p564, @p565, @p566, @p567, @p568, @p569, @p570, @p571, @p572, @p573),&#xD;
      (@p574, @p575, @p576, @p577, @p578, @p579, @p580, @p581, @p582, @p583, @p584, @p585, @p586, @p587);&#xD;
fail: Microsoft.EntityFrameworkCore.Update[10000]&#xD;
      An exception occurred in the database while saving changes for context type 'FactoryMonitoringWeb.Data.FactoryDbContext'.&#xD;
      Microsoft.EntityFrameworkCore.DbUpdateException: An error occurred while saving the entity changes. See the inner exception for details.&#xD;
       ---&gt; Microsoft.Data.SqlClient.SqlException (0x80131904): Cannot insert explicit value for identity column in table 'FactoryPCs' when IDENTITY_INSERT is set to OFF.&#xD;
         at Microsoft.Data.SqlClient.SqlCommand.&lt;&gt;c.&lt;ExecuteDbDataReaderAsync&gt;b__209_0(Task`1 result)&#xD;
         at System.Threading.Tasks.ContinuationResultTaskFromResultTask`2.InnerInvoke()&#xD;
         at System.Threading.ExecutionContext.RunInternal(ExecutionContext executionContext, ContextCallback callback, Object state)&#xD;
      --- End of stack trace from previous location ---&#xD;
         at System.Threading.ExecutionContext.RunInternal(ExecutionContext executionContext, ContextCallback callback, Object state)&#xD;
         at System.Threading.Tasks.Task.ExecuteWithThreadLocal(Task&amp; currentTaskSlot, Thread threadPoolThread)&#xD;
      --- End of stack trace from previous location ---&#xD;
         at Microsoft.EntityFrameworkCore.Storage.RelationalCommand.ExecuteReaderAsync(RelationalCommandParameterObject parameterObject, CancellationToken cancellationToken)&#xD;
         at Microsoft.EntityFrameworkCore.Storage.RelationalCommand.ExecuteReaderAsync(RelationalCommandParameterObject parameterObject, CancellationToken cancellationToken)&#xD;
         at Microsoft.EntityFrameworkCore.Update.ReaderModificationCommandBatch.ExecuteAsync(IRelationalConnection connection, CancellationToken cancellationToken)&#xD;
      ClientConnectionId:d8b7810f-fe52-4171-afd3-bfb7b8ef39db&#xD;
      Error Number:544,State:1,Class:16&#xD;
         --- End of inner exception stack trace ---&#xD;
         at Microsoft.EntityFrameworkCore.Update.ReaderModificationCommandBatch.ExecuteAsync(IRelationalConnection connection, CancellationToken cancellationToken)&#xD;
         at Microsoft.EntityFrameworkCore.SqlServer.Update.Internal.SqlServerModificationCommandBatch.ExecuteAsync(IRelationalConnection connection, CancellationToken cancellationToken)&#xD;
         at Microsoft.EntityFrameworkCore.Update.Internal.BatchExecutor.ExecuteAsync(IEnumerable`1 commandBatches, IRelationalConnection connection, CancellationToken cancellationToken)&#xD;
         at Microsoft.EntityFrameworkCore.Update.Internal.BatchExecutor.ExecuteAsync(IEnumerable`1 commandBatches, IRelationalConnection connection, CancellationToken cancellationToken)&#xD;
         at Microsoft.EntityFrameworkCore.Update.Internal.BatchExecutor.ExecuteAsync(IEnumerable`1 commandBatches, IRelationalConnection connection, CancellationToken cancellationToken)&#xD;
         at Microsoft.EntityFrameworkCore.ChangeTracking.Internal.StateManager.SaveChangesAsync(IList`1 entriesToSave, CancellationToken cancellationToken)&#xD;
         at Microsoft.EntityFrameworkCore.ChangeTracking.Internal.StateManager.SaveChangesAsync(StateManager stateManager, Boolean acceptAllChangesOnSuccess, CancellationToken cancellationToken)&#xD;
         at Microsoft.EntityFrameworkCore.Storage.ExecutionStrategy.&lt;&gt;c__DisplayClass30_0`2.&lt;&lt;ExecuteAsync&gt;b__0&gt;d.MoveNext()&#xD;
      --- End of stack trace from previous location ---&#xD;
         at Microsoft.EntityFrameworkCore.Storage.ExecutionStrategy.ExecuteImplementationAsync[TState,TResult](Func`4 operation, Func`4 verifySucceeded, TState state, CancellationToken cancellationToken)&#xD;
         at Microsoft.EntityFrameworkCore.Storage.ExecutionStrategy.ExecuteImplementationAsync[TState,TResult](Func`4 operation, Func`4 verifySucceeded, TState state, CancellationToken cancellationToken)&#xD;
         at Microsoft.EntityFrameworkCore.Storage.ExecutionStrategy.ExecuteAsync[TState,TResult](TState state, Func`4 operation, Func`4 verifySucceeded, CancellationToken cancellationToken)&#xD;
         at Microsoft.EntityFrameworkCore.DbContext.SaveChangesAsync(Boolean acceptAllChangesOnSuccess, CancellationToken cancellationToken)&#xD;
      Microsoft.EntityFrameworkCore.DbUpdateException: An error occurred while saving the entity changes. See the inner exception for details.&#xD;
       ---&gt; Microsoft.Data.SqlClient.SqlException (0x80131904): Cannot insert explicit value for identity column in table 'FactoryPCs' when IDENTITY_INSERT is set to OFF.&#xD;
         at Microsoft.Data.SqlClient.SqlCommand.&lt;&gt;c.&lt;ExecuteDbDataReaderAsync&gt;b__209_0(Task`1 result)&#xD;
         at System.Threading.Tasks.ContinuationResultTaskFromResultTask`2.InnerInvoke()&#xD;
         at System.Threading.ExecutionContext.RunInternal(ExecutionContext executionContext, ContextCallback callback, Object state)&#xD;
      --- End of stack trace from previous location ---&#xD;
         at System.Threading.ExecutionContext.RunInternal(ExecutionContext executionContext, ContextCallback callback, Object state)&#xD;
         at System.Threading.Tasks.Task.ExecuteWithThreadLocal(Task&amp; currentTaskSlot, Thread threadPoolThread)&#xD;
      --- End of stack trace from previous location ---&#xD;
         at Microsoft.EntityFrameworkCore.Storage.RelationalCommand.ExecuteReaderAsync(RelationalCommandParameterObject parameterObject, CancellationToken cancellationToken)&#xD;
         at Microsoft.EntityFrameworkCore.Storage.RelationalCommand.ExecuteReaderAsync(RelationalCommandParameterObject parameterObject, CancellationToken cancellationToken)&#xD;
         at Microsoft.EntityFrameworkCore.Update.ReaderModificationCommandBatch.ExecuteAsync(IRelationalConnection connection, CancellationToken cancellationToken)&#xD;
      ClientConnectionId:d8b7810f-fe52-4171-afd3-bfb7b8ef39db&#xD;
      Error Number:544,State:1,Class:16&#xD;
         --- End of inner exception stack trace ---&#xD;
         at Microsoft.EntityFrameworkCore.Update.ReaderModificationCommandBatch.ExecuteAsync(IRelationalConnection connection, CancellationToken cancellationToken)&#xD;
         at Microsoft.EntityFrameworkCore.SqlServer.Update.Internal.SqlServerModificationCommandBatch.ExecuteAsync(IRelationalConnection connection, CancellationToken cancellationToken)&#xD;
         at Microsoft.EntityFrameworkCore.Update.Internal.BatchExecutor.ExecuteAsync(IEnumerable`1 commandBatches, IRelationalConnection connection, CancellationToken cancellationToken)&#xD;
         at Microsoft.EntityFrameworkCore.Update.Internal.BatchExecutor.ExecuteAsync(IEnumerable`1 commandBatches, IRelationalConnection connection, CancellationToken cancellationToken)&#xD;
         at Microsoft.EntityFrameworkCore.Update.Internal.BatchExecutor.ExecuteAsync(IEnumerable`1 commandBatches, IRelationalConnection connection, CancellationToken cancellationToken)&#xD;
         at Microsoft.EntityFrameworkCore.ChangeTracking.Internal.StateManager.SaveChangesAsync(IList`1 entriesToSave, CancellationToken cancellationToken)&#xD;
         at Microsoft.EntityFrameworkCore.ChangeTracking.Internal.StateManager.SaveChangesAsync(StateManager stateManager, Boolean acceptAllChangesOnSuccess, CancellationToken cancellationToken)&#xD;
         at Microsoft.EntityFrameworkCore.Storage.ExecutionStrategy.&lt;&gt;c__DisplayClass30_0`2.&lt;&lt;ExecuteAsync&gt;b__0&gt;d.MoveNext()&#xD;
      --- End of stack trace from previous location ---&#xD;
         at Microsoft.EntityFrameworkCore.Storage.ExecutionStrategy.ExecuteImplementationAsync[TState,TResult](Func`4 operation, Func`4 verifySucceeded, TState state, CancellationToken cancellationToken)&#xD;
         at Microsoft.EntityFrameworkCore.Storage.ExecutionStrategy.ExecuteImplementationAsync[TState,TResult](Func`4 operation, Func`4 verifySucceeded, TState state, CancellationToken cancellationToken)&#xD;
         at Microsoft.EntityFrameworkCore.Storage.ExecutionStrategy.ExecuteAsync[TState,TResult](TState state, Func`4 operation, Func`4 verifySucceeded, CancellationToken cancellationToken)&#xD;
         at Microsoft.EntityFrameworkCore.DbContext.SaveChangesAsync(Boolean acceptAllChangesOnSuccess, CancellationToken cancellationToken)&#xD;
[xUnit.net 00:00:01.49]       Microsoft.EntityFrameworkCore.DbUpdateException : An error occurred while saving the entity changes. See the inner exception for details.&#xD;
[xUnit.net 00:00:01.49]       ---- Microsoft.Data.SqlClient.SqlException : Cannot insert explicit value for identity column in table 'FactoryPCs' when IDENTITY_INSERT is set to OFF.&#xD;
[xUnit.net 00:00:01.49]       Stack Trace:&#xD;
[xUnit.net 00:00:01.49]            at Microsoft.EntityFrameworkCore.Update.ReaderModificationCommandBatch.ExecuteAsync(IRelationalConnection connection, CancellationToken cancellationToken)&#xD;
[xUnit.net 00:00:01.49]            at Microsoft.EntityFrameworkCore.SqlServer.Update.Internal.SqlServerModificationCommandBatch.ExecuteAsync(IRelationalConnection connection, CancellationToken cancellationToken)&#xD;
[xUnit.net 00:00:01.49]            at Microsoft.EntityFrameworkCore.Update.Internal.BatchExecutor.ExecuteAsync(IEnumerable`1 commandBatches, IRelationalConnection connection, CancellationToken cancellationToken)&#xD;
[xUnit.net 00:00:01.49]            at Microsoft.EntityFrameworkCore.Update.Internal.BatchExecutor.ExecuteAsync(IEnumerable`1 commandBatches, IRelationalConnection connection, CancellationToken cancellationToken)&#xD;
[xUnit.net 00:00:01.49]            at Microsoft.EntityFrameworkCore.Update.Internal.BatchExecutor.ExecuteAsync(IEnumerable`1 commandBatches, IRelationalConnection connection, CancellationToken cancellationToken)&#xD;
[xUnit.net 00:00:01.49]            at Microsoft.EntityFrameworkCore.ChangeTracking.Internal.StateManager.SaveChangesAsync(IList`1 entriesToSave, CancellationToken cancellationToken)&#xD;
[xUnit.net 00:00:01.49]            at Microsoft.EntityFrameworkCore.ChangeTracking.Internal.StateManager.SaveChangesAsync(StateManager stateManager, Boolean acceptAllChangesOnSuccess, CancellationToken cancellationToken)&#xD;
[xUnit.net 00:00:01.49]            at Microsoft.EntityFrameworkCore.Storage.ExecutionStrategy.&lt;&gt;c__DisplayClass30_0`2.&lt;&lt;ExecuteAsync&gt;b__0&gt;d.MoveNext()&#xD;
[xUnit.net 00:00:01.49]         --- End of stack trace from previous location ---&#xD;
[xUnit.net 00:00:01.49]            at Microsoft.EntityFrameworkCore.Storage.ExecutionStrategy.ExecuteImplementationAsync[TState,TResult](Func`4 operation, Func`4 verifySucceeded, TState state, CancellationToken cancellationToken)&#xD;
[xUnit.net 00:00:01.49]            at Microsoft.EntityFrameworkCore.Storage.ExecutionStrategy.ExecuteImplementationAsync[TState,TResult](Func`4 operation, Func`4 verifySucceeded, TState state, CancellationToken cancellationToken)&#xD;
[xUnit.net 00:00:01.49]            at Microsoft.EntityFrameworkCore.Storage.ExecutionStrategy.ExecuteAsync[TState,TResult](TState state, Func`4 operation, Func`4 verifySucceeded, CancellationToken cancellationToken)&#xD;
[xUnit.net 00:00:01.49]            at Microsoft.EntityFrameworkCore.DbContext.SaveChangesAsync(Boolean acceptAllChangesOnSuccess, CancellationToken cancellationToken)&#xD;
[xUnit.net 00:00:01.49]            at Microsoft.EntityFrameworkCore.DbContext.SaveChangesAsync(Boolean acceptAllChangesOnSuccess, CancellationToken cancellationToken)&#xD;
[xUnit.net 00:00:01.49]         D:\Projects\Modal Management\Github Code\FactoryMonitoring\tests\FactoryMonitoring.IntegrationTests\LogStructureSyncLoadTests.cs(361,0): at FactoryMonitoring.IntegrationTests.LogStructureSyncLoadTests.SeedAgents(Int32 count)&#xD;
[xUnit.net 00:00:01.49]         D:\Projects\Modal Management\Github Code\FactoryMonitoring\tests\FactoryMonitoring.IntegrationTests\LogStructureSyncLoadTests.cs(49,0): at FactoryMonitoring.IntegrationTests.LogStructureSyncLoadTests.DatabaseBackpressure_500Agents_365KB_LogStructures()&#xD;
[xUnit.net 00:00:01.49]         --- End of stack trace from previous location ---&#xD;
[xUnit.net 00:00:01.49]         ----- Inner Stack Trace -----&#xD;
[xUnit.net 00:00:01.49]            at Microsoft.Data.SqlClient.SqlCommand.&lt;&gt;c.&lt;ExecuteDbDataReaderAsync&gt;b__209_0(Task`1 result)&#xD;
[xUnit.net 00:00:01.49]            at System.Threading.Tasks.ContinuationResultTaskFromResultTask`2.InnerInvoke()&#xD;
[xUnit.net 00:00:01.49]            at System.Threading.ExecutionContext.RunInternal(ExecutionContext executionContext, ContextCallback callback, Object state)&#xD;
[xUnit.net 00:00:01.49]         --- End of stack trace from previous location ---&#xD;
[xUnit.net 00:00:01.49]            at System.Threading.ExecutionContext.RunInternal(ExecutionContext executionContext, ContextCallback callback, Object state)&#xD;
[xUnit.net 00:00:01.49]            at System.Threading.Tasks.Task.ExecuteWithThreadLocal(Task&amp; currentTaskSlot, Thread threadPoolThread)&#xD;
[xUnit.net 00:00:01.49]         --- End of stack trace from previous location ---&#xD;
[xUnit.net 00:00:01.49]            at Microsoft.EntityFrameworkCore.Storage.RelationalCommand.ExecuteReaderAsync(RelationalCommandParameterObject parameterObject, CancellationToken cancellationToken)&#xD;
[xUnit.net 00:00:01.49]            at Microsoft.EntityFrameworkCore.Storage.RelationalCommand.ExecuteReaderAsync(RelationalCommandParameterObject parameterObject, CancellationToken cancellationToken)&#xD;
[xUnit.net 00:00:01.49]            at Microsoft.EntityFrameworkCore.Update.ReaderModificationCommandBatch.ExecuteAsync(IRelationalConnection connection, CancellationToken cancellationToken)&#xD;
fail: Microsoft.EntityFrameworkCore.Database.Command[20102]&#xD;
      Failed executing DbCommand (3ms) [Parameters=[@p0='?' (DbType = Int32), @p1='?' (Size = 500), @p2='?' (Size = 50), @p3='?' (DbType = Boolean), @p4='?' (DbType = Boolean), @p5='?' (DbType = DateTime2), @p6='?' (DbType = DateTime2), @p7='?' (DbType = Int32), @p8='?' (Size = 500), @p9='?' (Size = 4000), @p10='?' (Size = 500), @p11='?' (Size = 20), @p12='?' (DbType = Int32), @p13='?' (DbType = DateTime2), @p14='?' (DbType = Int32), @p15='?' (Size = 500), @p16='?' (Size = 50), @p17='?' (DbType = Boolean), @p18='?' (DbType = Boolean), @p19='?' (DbType = DateTime2), @p20='?' (DbType = DateTime2), @p21='?' (DbType = Int32), @p22='?' (Size = 500), @p23='?' (Size = 4000), @p24='?' (Size = 500), @p25='?' (Size = 20), @p26='?' (DbType = Int32), @p27='?' (DbType = DateTime2), @p28='?' (DbType = Int32), @p29='?' (Size = 500), @p30='?' (Size = 50), @p31='?' (DbType = Boolean), @p32='?' (DbType = Boolean), @p33='?' (DbType = DateTime2), @p34='?' (DbType = DateTime2), @p35='?' (DbType = Int32), @p36='?' (Size = 500), @p37='?' (Size = 4000), @p38='?' (Size = 500), @p39='?' (Size = 20), @p40='?' (DbType = Int32), @p41='?' (DbType = DateTime2), @p42='?' (DbType = Int32), @p43='?' (Size = 500), @p44='?' (Size = 50), @p45='?' (DbType = Boolean), @p46='?' (DbType = Boolean), @p47='?' (DbType = DateTime2), @p48='?' (DbType = DateTime2), @p49='?' (DbType = Int32), @p50='?' (Size = 500), @p51='?' (Size = 4000), @p52='?' (Size = 500), @p53='?' (Size = 20), @p54='?' (DbType = Int32), @p55='?' (DbType = DateTime2), @p56='?' (DbType = Int32), @p57='?' (Size = 500), @p58='?' (Size = 50), @p59='?' (DbType = Boolean), @p60='?' (DbType = Boolean), @p61='?' (DbType = DateTime2), @p62='?' (DbType = DateTime2), @p63='?' (DbType = Int32), @p64='?' (Size = 500), @p65='?' (Size = 4000), @p66='?' (Size = 500), @p67='?' (Size = 20), @p68='?' (DbType = Int32), @p69='?' (DbType = DateTime2), @p70='?' (DbType = Int32), @p71='?' (Size = 500), @p72='?' (Size = 50), @p73='?' (DbType = Boolean), @p74='?' (DbType = Boolean), @p75='?' (DbType = DateTime2), @p76='?' (DbType = DateTime2), @p77='?' (DbType = Int32), @p78='?' (Size = 500), @p79='?' (Size = 4000), @p80='?' (Size = 500), @p81='?' (Size = 20), @p82='?' (DbType = Int32), @p83='?' (DbType = DateTime2), @p84='?' (DbType = Int32), @p85='?' (Size = 500), @p86='?' (Size = 50), @p87='?' (DbType = Boolean), @p88='?' (DbType = Boolean), @p89='?' (DbType = DateTime2), @p90='?' (DbType = DateTime2), @p91='?' (DbType = Int32), @p92='?' (Size = 500), @p93='?' (Size = 4000), @p94='?' (Size = 500), @p95='?' (Size = 20), @p96='?' (DbType = Int32), @p97='?' (DbType = DateTime2), @p98='?' (DbType = Int32), @p99='?' (Size = 500), @p100='?' (Size = 50), @p101='?' (DbType = Boolean), @p102='?' (DbType = Boolean), @p103='?' (DbType = DateTime2), @p104='?' (DbType = DateTime2), @p105='?' (DbType = Int32), @p106='?' (Size = 500), @p107='?' (Size = 4000), @p108='?' (Size = 500), @p109='?' (Size = 20), @p110='?' (DbType = Int32), @p111='?' (DbType = DateTime2), @p112='?' (DbType = Int32), @p113='?' (Size = 500), @p114='?' (Size = 50), @p115='?' (DbType = Boolean), @p116='?' (DbType = Boolean), @p117='?' (DbType = DateTime2), @p118='?' (DbType = DateTime2), @p119='?' (DbType = Int32), @p120='?' (Size = 500), @p121='?' (Size = 4000), @p122='?' (Size = 500), @p123='?' (Size = 20), @p124='?' (DbType = Int32), @p125='?' (DbType = DateTime2), @p126='?' (DbType = Int32), @p127='?' (Size = 500), @p128='?' (Size = 50), @p129='?' (DbType = Boolean), @p130='?' (DbType = Boolean), @p131='?' (DbType = DateTime2), @p132='?' (DbType = DateTime2), @p133='?' (DbType = Int32), @p134='?' (Size = 500), @p135='?' (Size = 4000), @p136='?' (Size = 500), @p137='?' (Size = 20), @p138='?' (DbType = Int32), @p139='?' (DbType = DateTime2), @p140='?' (DbType = Int32), @p141='?' (Size = 500), @p142='?' (Size = 50), @p143='?' (DbType = Boolean), @p144='?' (DbType = Boolean), @p145='?' (DbType = DateTime2), @p146='?' (DbType = DateTime2), @p147='?' (DbType = Int32), @p148='?' (Size = 500), @p149='?' (Size = 4000), @p150='?' (Size = 500), @p151='?' (Size = 20), @p152='?' (DbType = Int32), @p153='?' (DbType = DateTime2), @p154='?' (DbType = Int32), @p155='?' (Size = 500), @p156='?' (Size = 50), @p157='?' (DbType = Boolean), @p158='?' (DbType = Boolean), @p159='?' (DbType = DateTime2), @p160='?' (DbType = DateTime2), @p161='?' (DbType = Int32), @p162='?' (Size = 500), @p163='?' (Size = 4000), @p164='?' (Size = 500), @p165='?' (Size = 20), @p166='?' (DbType = Int32), @p167='?' (DbType = DateTime2), @p168='?' (DbType = Int32), @p169='?' (Size = 500), @p170='?' (Size = 50), @p171='?' (DbType = Boolean), @p172='?' (DbType = Boolean), @p173='?' (DbType = DateTime2), @p174='?' (DbType = DateTime2), @p175='?' (DbType = Int32), @p176='?' (Size = 500), @p177='?' (Size = 4000), @p178='?' (Size = 500), @p179='?' (Size = 20), @p180='?' (DbType = Int32), @p181='?' (DbType = DateTime2), @p182='?' (DbType = Int32), @p183='?' (Size = 500), @p184='?' (Size = 50), @p185='?' (DbType = Boolean), @p186='?' (DbType = Boolean), @p187='?' (DbType = DateTime2), @p188='?' (DbType = DateTime2), @p189='?' (DbType = Int32), @p190='?' (Size = 500), @p191='?' (Size = 4000), @p192='?' (Size = 500), @p193='?' (Size = 20), @p194='?' (DbType = Int32), @p195='?' (DbType = DateTime2), @p196='?' (DbType = Int32), @p197='?' (Size = 500), @p198='?' (Size = 50), @p199='?' (DbType = Boolean), @p200='?' (DbType = Boolean), @p201='?' (DbType = DateTime2), @p202='?' (DbType = DateTime2), @p203='?' (DbType = Int32), @p204='?' (Size = 500), @p205='?' (Size = 4000), @p206='?' (Size = 500), @p207='?' (Size = 20), @p208='?' (DbType = Int32), @p209='?' (DbType = DateTime2), @p210='?' (DbType = Int32), @p211='?' (Size = 500), @p212='?' (Size = 50), @p213='?' (DbType = Boolean), @p214='?' (DbType = Boolean), @p215='?' (DbType = DateTime2), @p216='?' (DbType = DateTime2), @p217='?' (DbType = Int32), @p218='?' (Size = 500), @p219='?' (Size = 4000), @p220='?' (Size = 500), @p221='?' (Size = 20), @p222='?' (DbType = Int32), @p223='?' (DbType = DateTime2), @p224='?' (DbType = Int32), @p225='?' (Size = 500), @p226='?' (Size = 50), @p227='?' (DbType = Boolean), @p228='?' (DbType = Boolean), @p229='?' (DbType = DateTime2), @p230='?' (DbType = DateTime2), @p231='?' (DbType = Int32), @p232='?' (Size = 500), @p233='?' (Size = 4000), @p234='?' (Size = 500), @p235='?' (Size = 20), @p236='?' (DbType = Int32), @p237='?' (DbType = DateTime2), @p238='?' (DbType = Int32), @p239='?' (Size = 500), @p240='?' (Size = 50), @p241='?' (DbType = Boolean), @p242='?' (DbType = Boolean), @p243='?' (DbType = DateTime2), @p244='?' (DbType = DateTime2), @p245='?' (DbType = Int32), @p246='?' (Size = 500), @p247='?' (Size = 4000), @p248='?' (Size = 500), @p249='?' (Size = 20), @p250='?' (DbType = Int32), @p251='?' (DbType = DateTime2), @p252='?' (DbType = Int32), @p253='?' (Size = 500), @p254='?' (Size = 50), @p255='?' (DbType = Boolean), @p256='?' (DbType = Boolean), @p257='?' (DbType = DateTime2), @p258='?' (DbType = DateTime2), @p259='?' (DbType = Int32), @p260='?' (Size = 500), @p261='?' (Size = 4000), @p262='?' (Size = 500), @p263='?' (Size = 20), @p264='?' (DbType = Int32), @p265='?' (DbType = DateTime2), @p266='?' (DbType = Int32), @p267='?' (Size = 500), @p268='?' (Size = 50), @p269='?' (DbType = Boolean), @p270='?' (DbType = Boolean), @p271='?' (DbType = DateTime2), @p272='?' (DbType = DateTime2), @p273='?' (DbType = Int32), @p274='?' (Size = 500), @p275='?' (Size = 4000), @p276='?' (Size = 500), @p277='?' (Size = 20), @p278='?' (DbType = Int32), @p279='?' (DbType = DateTime2), @p280='?' (DbType = Int32), @p281='?' (Size = 500), @p282='?' (Size = 50), @p283='?' (DbType = Boolean), @p284='?' (DbType = Boolean), @p285='?' (DbType = DateTime2), @p286='?' (DbType = DateTime2), @p287='?' (DbType = Int32), @p288='?' (Size = 500), @p289='?' (Size = 4000), @p290='?' (Size = 500), @p291='?' (Size = 20), @p292='?' (DbType = Int32), @p293='?' (DbType = DateTime2), @p294='?' (DbType = Int32), @p295='?' (Size = 500), @p296='?' (Size = 50), @p297='?' (DbType = Boolean), @p298='?' (DbType = Boolean), @p299='?' (DbType = DateTime2), @p300='?' (DbType = DateTime2), @p301='?' (DbType = Int32), @p302='?' (Size = 500), @p303='?' (Size = 4000), @p304='?' (Size = 500), @p305='?' (Size = 20), @p306='?' (DbType = Int32), @p307='?' (DbType = DateTime2), @p308='?' (DbType = Int32), @p309='?' (Size = 500), @p310='?' (Size = 50), @p311='?' (DbType = Boolean), @p312='?' (DbType = Boolean), @p313='?' (DbType = DateTime2), @p314='?' (DbType = DateTime2), @p315='?' (DbType = Int32), @p316='?' (Size = 500), @p317='?' (Size = 4000), @p318='?' (Size = 500), @p319='?' (Size = 20), @p320='?' (DbType = Int32), @p321='?' (DbType = DateTime2), @p322='?' (DbType = Int32), @p323='?' (Size = 500), @p324='?' (Size = 50), @p325='?' (DbType = Boolean), @p326='?' (DbType = Boolean), @p327='?' (DbType = DateTime2), @p328='?' (DbType = DateTime2), @p329='?' (DbType = Int32), @p330='?' (Size = 500), @p331='?' (Size = 4000), @p332='?' (Size = 500), @p333='?' (Size = 20), @p334='?' (DbType = Int32), @p335='?' (DbType = DateTime2), @p336='?' (DbType = Int32), @p337='?' (Size = 500), @p338='?' (Size = 50), @p339='?' (DbType = Boolean), @p340='?' (DbType = Boolean), @p341='?' (DbType = DateTime2), @p342='?' (DbType = DateTime2), @p343='?' (DbType = Int32), @p344='?' (Size = 500), @p345='?' (Size = 4000), @p346='?' (Size = 500), @p347='?' (Size = 20), @p348='?' (DbType = Int32), @p349='?' (DbType = DateTime2), @p350='?' (DbType = Int32), @p351='?' (Size = 500), @p352='?' (Size = 50), @p353='?' (DbType = Boolean), @p354='?' (DbType = Boolean), @p355='?' (DbType = DateTime2), @p356='?' (DbType = DateTime2), @p357='?' (DbType = Int32), @p358='?' (Size = 500), @p359='?' (Size = 4000), @p360='?' (Size = 500), @p361='?' (Size = 20), @p362='?' (DbType = Int32), @p363='?' (DbType = DateTime2), @p364='?' (DbType = Int32), @p365='?' (Size = 500), @p366='?' (Size = 50), @p367='?' (DbType = Boolean), @p368='?' (DbType = Boolean), @p369='?' (DbType = DateTime2), @p370='?' (DbType = DateTime2), @p371='?' (DbType = Int32), @p372='?' (Size = 500), @p373='?' (Size = 4000), @p374='?' (Size = 500), @p375='?' (Size = 20), @p376='?' (DbType = Int32), @p377='?' (DbType = DateTime2), @p378='?' (DbType = Int32), @p379='?' (Size = 500), @p380='?' (Size = 50), @p381='?' (DbType = Boolean), @p382='?' (DbType = Boolean), @p383='?' (DbType = DateTime2), @p384='?' (DbType = DateTime2), @p385='?' (DbType = Int32), @p386='?' (Size = 500), @p387='?' (Size = 4000), @p388='?' (Size = 500), @p389='?' (Size = 20), @p390='?' (DbType = Int32), @p391='?' (DbType = DateTime2), @p392='?' (DbType = Int32), @p393='?' (Size = 500), @p394='?' (Size = 50), @p395='?' (DbType = Boolean), @p396='?' (DbType = Boolean), @p397='?' (DbType = DateTime2), @p398='?' (DbType = DateTime2), @p399='?' (DbType = Int32), @p400='?' (Size = 500), @p401='?' (Size = 4000), @p402='?' (Size = 500), @p403='?' (Size = 20), @p404='?' (DbType = Int32), @p405='?' (DbType = DateTime2), @p406='?' (DbType = Int32), @p407='?' (Size = 500), @p408='?' (Size = 50), @p409='?' (DbType = Boolean), @p410='?' (DbType = Boolean), @p411='?' (DbType = DateTime2), @p412='?' (DbType = DateTime2), @p413='?' (DbType = Int32), @p414='?' (Size = 500), @p415='?' (Size = 4000), @p416='?' (Size = 500), @p417='?' (Size = 20), @p418='?' (DbType = Int32), @p419='?' (DbType = DateTime2), @p420='?' (DbType = Int32), @p421='?' (Size = 500), @p422='?' (Size = 50), @p423='?' (DbType = Boolean), @p424='?' (DbType = Boolean), @p425='?' (DbType = DateTime2), @p426='?' (DbType = DateTime2), @p427='?' (DbType = Int32), @p428='?' (Size = 500), @p429='?' (Size = 4000), @p430='?' (Size = 500), @p431='?' (Size = 20), @p432='?' (DbType = Int32), @p433='?' (DbType = DateTime2), @p434='?' (DbType = Int32), @p435='?' (Size = 500), @p436='?' (Size = 50), @p437='?' (DbType = Boolean), @p438='?' (DbType = Boolean), @p439='?' (DbType = DateTime2), @p440='?' (DbType = DateTime2), @p441='?' (DbType = Int32), @p442='?' (Size = 500), @p443='?' (Size = 4000), @p444='?' (Size = 500), @p445='?' (Size = 20), @p446='?' (DbType = Int32), @p447='?' (DbType = DateTime2), @p448='?' (DbType = Int32), @p449='?' (Size = 500), @p450='?' (Size = 50), @p451='?' (DbType = Boolean), @p452='?' (DbType = Boolean), @p453='?' (DbType = DateTime2), @p454='?' (DbType = DateTime2), @p455='?' (DbType = Int32), @p456='?' (Size = 500), @p457='?' (Size = 4000), @p458='?' (Size = 500), @p459='?' (Size = 20), @p460='?' (DbType = Int32), @p461='?' (DbType = DateTime2), @p462='?' (DbType = Int32), @p463='?' (Size = 500), @p464='?' (Size = 50), @p465='?' (DbType = Boolean), @p466='?' (DbType = Boolean), @p467='?' (DbType = DateTime2), @p468='?' (DbType = DateTime2), @p469='?' (DbType = Int32), @p470='?' (Size = 500), @p471='?' (Size = 4000), @p472='?' (Size = 500), @p473='?' (Size = 20), @p474='?' (DbType = Int32), @p475='?' (DbType = DateTime2), @p476='?' (DbType = Int32), @p477='?' (Size = 500), @p478='?' (Size = 50), @p479='?' (DbType = Boolean), @p480='?' (DbType = Boolean), @p481='?' (DbType = DateTime2), @p482='?' (DbType = DateTime2), @p483='?' (DbType = Int32), @p484='?' (Size = 500), @p485='?' (Size = 4000), @p486='?' (Size = 500), @p487='?' (Size = 20), @p488='?' (DbType = Int32), @p489='?' (DbType = DateTime2), @p490='?' (DbType = Int32), @p491='?' (Size = 500), @p492='?' (Size = 50), @p493='?' (DbType = Bo
[...]
      (@p266, @p267, @p268, @p269, @p270, @p271, @p272, @p273, @p274, @p275, @p276, @p277, @p278, @p279),&#xD;
      (@p280, @p281, @p282, @p283, @p284, @p285, @p286, @p287, @p288, @p289, @p290, @p291, @p292, @p293),&#xD;
      (@p294, @p295, @p296, @p297, @p298, @p299, @p300, @p301, @p302, @p303, @p304, @p305, @p306, @p307),&#xD;
      (@p308, @p309, @p310, @p311, @p312, @p313, @p314, @p315, @p316, @p317, @p318, @p319, @p320, @p321),&#xD;
      (@p322, @p323, @p324, @p325, @p326, @p327, @p328, @p329, @p330, @p331, @p332, @p333, @p334, @p335),&#xD;
      (@p336, @p337, @p338, @p339, @p340, @p341, @p342, @p343, @p344, @p345, @p346, @p347, @p348, @p349),&#xD;
      (@p350, @p351, @p352, @p353, @p354, @p355, @p356, @p357, @p358, @p359, @p360, @p361, @p362, @p363),&#xD;
      (@p364, @p365, @p366, @p367, @p368, @p369, @p370, @p371, @p372, @p373, @p374, @p375, @p376, @p377),&#xD;
      (@p378, @p379, @p380, @p381, @p382, @p383, @p384, @p385, @p386, @p387, @p388, @p389, @p390, @p391),&#xD;
      (@p392, @p393, @p394, @p395, @p396, @p397, @p398, @p399, @p400, @p401, @p402, @p403, @p404, @p405),&#xD;
      (@p406, @p407, @p408, @p409, @p410, @p411, @p412, @p413, @p414, @p415, @p416, @p417, @p418, @p419),&#xD;
      (@p420, @p421, @p422, @p423, @p424, @p425, @p426, @p427, @p428, @p429, @p430, @p431, @p432, @p433),&#xD;
      (@p434, @p435, @p436, @p437, @p438, @p439, @p440, @p441, @p442, @p443, @p444, @p445, @p446, @p447),&#xD;
      (@p448, @p449, @p450, @p451, @p452, @p453, @p454, @p455, @p456, @p457, @p458, @p459, @p460, @p461),&#xD;
      (@p462, @p463, @p464, @p465, @p466, @p467, @p468, @p469, @p470, @p471, @p472, @p473, @p474, @p475),&#xD;
      (@p476, @p477, @p478, @p479, @p480, @p481, @p482, @p483, @p484, @p485, @p486, @p487, @p488, @p489),&#xD;
      (@p490, @p491, @p492, @p493, @p494, @p495, @p496, @p497, @p498, @p499, @p500, @p501, @p502, @p503),&#xD;
      (@p504, @p505, @p506, @p507, @p508, @p509, @p510, @p511, @p512, @p513, @p514, @p515, @p516, @p517),&#xD;
      (@p518, @p519, @p520, @p521, @p522, @p523, @p524, @p525, @p526, @p527, @p528, @p529, @p530, @p531),&#xD;
      (@p532, @p533, @p534, @p535, @p536, @p537, @p538, @p539, @p540, @p541, @p542, @p543, @p544, @p545),&#xD;
      (@p546, @p547, @p548, @p549, @p550, @p551, @p552, @p553, @p554, @p555, @p556, @p557, @p558, @p559),&#xD;
      (@p560, @p561, @p562, @p563, @p564, @p565, @p566, @p567, @p568, @p569, @p570, @p571, @p572, @p573),&#xD;
      (@p574, @p575, @p576, @p577, @p578, @p579, @p580, @p581, @p582, @p583, @p584, @p585, @p586, @p587);&#xD;
fail: Microsoft.EntityFrameworkCore.Update[10000]&#xD;
      An exception occurred in the database while saving changes for context type 'FactoryMonitoringWeb.Data.FactoryDbContext'.&#xD;
      Microsoft.EntityFrameworkCore.DbUpdateException: An error occurred while saving the entity changes. See the inner exception for details.&#xD;
       ---&gt; Microsoft.Data.SqlClient.SqlException (0x80131904): Cannot insert explicit value for identity column in table 'FactoryPCs' when IDENTITY_INSERT is set to OFF.&#xD;
         at Microsoft.Data.SqlClient.SqlCommand.&lt;&gt;c.&lt;ExecuteDbDataReaderAsync&gt;b__209_0(Task`1 result)&#xD;
         at System.Threading.Tasks.ContinuationResultTaskFromResultTask`2.InnerInvoke()&#xD;
         at System.Threading.ExecutionContext.RunInternal(ExecutionContext executionContext, ContextCallback callback, Object state)&#xD;
      --- End of stack trace from previous location ---&#xD;
         at System.Threading.ExecutionContext.RunInternal(ExecutionContext executionContext, ContextCallback callback, Object state)&#xD;
         at System.Threading.Tasks.Task.ExecuteWithThreadLocal(Task&amp; currentTaskSlot, Thread threadPoolThread)&#xD;
      --- End of stack trace from previous location ---&#xD;
         at Microsoft.EntityFrameworkCore.Storage.RelationalCommand.ExecuteReaderAsync(RelationalCommandParameterObject parameterObject, CancellationToken cancellationToken)&#xD;
         at Microsoft.EntityFrameworkCore.Storage.RelationalCommand.ExecuteReaderAsync(RelationalCommandParameterObject parameterObject, CancellationToken cancellationToken)&#xD;
         at Microsoft.EntityFrameworkCore.Update.ReaderModificationCommandBatch.ExecuteAsync(IRelationalConnection connection, CancellationToken cancellationToken)&#xD;
      ClientConnectionId:d8b7810f-fe52-4171-afd3-bfb7b8ef39db&#xD;
      Error Number:544,State:1,Class:16&#xD;
         --- End of inner exception stack trace ---&#xD;
         at Microsoft.EntityFrameworkCore.Update.ReaderModificationCommandBatch.ExecuteAsync(IRelationalConnection connection, CancellationToken cancellationToken)&#xD;
         at Microsoft.EntityFrameworkCore.SqlServer.Update.Internal.SqlServerModificationCommandBatch.ExecuteAsync(IRelationalConnection connection, CancellationToken cancellationToken)&#xD;
         at Microsoft.EntityFrameworkCore.Update.Internal.BatchExecutor.ExecuteAsync(IEnumerable`1 commandBatches, IRelationalConnection connection, CancellationToken cancellationToken)&#xD;
         at Microsoft.EntityFrameworkCore.Update.Internal.BatchExecutor.ExecuteAsync(IEnumerable`1 commandBatches, IRelationalConnection connection, CancellationToken cancellationToken)&#xD;
         at Microsoft.EntityFrameworkCore.Update.Internal.BatchExecutor.ExecuteAsync(IEnumerable`1 commandBatches, IRelationalConnection connection, CancellationToken cancellationToken)&#xD;
         at Microsoft.EntityFrameworkCore.ChangeTracking.Internal.StateManager.SaveChangesAsync(IList`1 entriesToSave, CancellationToken cancellationToken)&#xD;
         at Microsoft.EntityFrameworkCore.ChangeTracking.Internal.StateManager.SaveChangesAsync(StateManager stateManager, Boolean acceptAllChangesOnSuccess, CancellationToken cancellationToken)&#xD;
         at Microsoft.EntityFrameworkCore.Storage.ExecutionStrategy.&lt;&gt;c__DisplayClass30_0`2.&lt;&lt;ExecuteAsync&gt;b__0&gt;d.MoveNext()&#xD;
      --- End of stack trace from previous location ---&#xD;
         at Microsoft.EntityFrameworkCore.Storage.ExecutionStrategy.ExecuteImplementationAsync[TState,TResult](Func`4 operation, Func`4 verifySucceeded, TState state, CancellationToken cancellationToken)&#xD;
         at Microsoft.EntityFrameworkCore.Storage.ExecutionStrategy.ExecuteImplementationAsync[TState,TResult](Func`4 operation, Func`4 verifySucceeded, TState state, CancellationToken cancellationToken)&#xD;
         at Microsoft.EntityFrameworkCore.Storage.ExecutionStrategy.ExecuteAsync[TState,TResult](TState state, Func`4 operation, Func`4 verifySucceeded, CancellationToken cancellationToken)&#xD;
         at Microsoft.EntityFrameworkCore.DbContext.SaveChangesAsync(Boolean acceptAllChangesOnSuccess, CancellationToken cancellationToken)&#xD;
      Microsoft.EntityFrameworkCore.DbUpdateException: An error occurred while saving the entity changes. See the inner exception for details.&#xD;
       ---&gt; Microsoft.Data.SqlClient.SqlException (0x80131904): Cannot insert explicit value for identity column in table 'FactoryPCs' when IDENTITY_INSERT is set to OFF.&#xD;
         at Microsoft.Data.SqlClient.SqlCommand.&lt;&gt;c.&lt;ExecuteDbDataReaderAsync&gt;b__209_0(Task`1 result)&#xD;
         at System.Threading.Tasks.ContinuationResultTaskFromResultTask`2.InnerInvoke()&#xD;
         at System.Threading.ExecutionContext.RunInternal(ExecutionContext executionContext, ContextCallback callback, Object state)&#xD;
      --- End of stack trace from previous location ---&#xD;
         at System.Threading.ExecutionContext.RunInternal(ExecutionContext executionContext, ContextCallback callback, Object state)&#xD;
         at System.Threading.Tasks.Task.ExecuteWithThreadLocal(Task&amp; currentTaskSlot, Thread threadPoolThread)&#xD;
      --- End of stack trace from previous location ---&#xD;
         at Microsoft.EntityFrameworkCore.Storage.RelationalCommand.ExecuteReaderAsync(RelationalCommandParameterObject parameterObject, CancellationToken cancellationToken)&#xD;
         at Microsoft.EntityFrameworkCore.Storage.RelationalCommand.ExecuteReaderAsync(RelationalCommandParameterObject parameterObject, CancellationToken cancellationToken)&#xD;
         at Microsoft.EntityFrameworkCore.Update.ReaderModificationCommandBatch.ExecuteAsync(IRelationalConnection connection, CancellationToken cancellationToken)&#xD;
      ClientConnectionId:d8b7810f-fe52-4171-afd3-bfb7b8ef39db&#xD;
      Error Number:544,State:1,Class:16&#xD;
         --- End of inner exception stack trace ---&#xD;
         at Microsoft.EntityFrameworkCore.Update.ReaderModificationCommandBatch.ExecuteAsync(IRelationalConnection connection, CancellationToken cancellationToken)&#xD;
         at Microsoft.EntityFrameworkCore.SqlServer.Update.Internal.SqlServerModificationCommandBatch.ExecuteAsync(IRelationalConnection connection, CancellationToken cancellationToken)&#xD;
         at Microsoft.EntityFrameworkCore.Update.Internal.BatchExecutor.ExecuteAsync(IEnumerable`1 commandBatches, IRelationalConnection connection, CancellationToken cancellationToken)&#xD;
         at Microsoft.EntityFrameworkCore.Update.Internal.BatchExecutor.ExecuteAsync(IEnumerable`1 commandBatches, IRelationalConnection connection, CancellationToken cancellationToken)&#xD;
         at Microsoft.EntityFrameworkCore.Update.Internal.BatchExecutor.ExecuteAsync(IEnumerable`1 commandBatches, IRelationalConnection connection, CancellationToken cancellationToken)&#xD;
         at Microsoft.EntityFrameworkCore.ChangeTracking.Internal.StateManager.SaveChangesAsync(IList`1 entriesToSave, CancellationToken cancellationToken)&#xD;
         at Microsoft.EntityFrameworkCore.ChangeTracking.Internal.StateManager.SaveChangesAsync(StateManager stateManager, Boolean acceptAllChangesOnSuccess, CancellationToken cancellationToken)&#xD;
         at Microsoft.EntityFrameworkCore.Storage.ExecutionStrategy.&lt;&gt;c__DisplayClass30_0`2.&lt;&lt;ExecuteAsync&gt;b__0&gt;d.MoveNext()&#xD;
      --- End of stack trace from previous location ---&#xD;
         at Microsoft.EntityFrameworkCore.Storage.ExecutionStrategy.ExecuteImplementationAsync[TState,TResult](Func`4 operation, Func`4 verifySucceeded, TState state, CancellationToken cancellationToken)&#xD;
         at Microsoft.EntityFrameworkCore.Storage.ExecutionStrategy.ExecuteImplementationAsync[TState,TResult](Func`4 operation, Func`4 verifySucceeded, TState state, CancellationToken cancellationToken)&#xD;
         at Microsoft.EntityFrameworkCore.Storage.ExecutionStrategy.ExecuteAsync[TState,TResult](TState state, Func`4 operation, Func`4 verifySucceeded, CancellationToken cancellationToken)&#xD;
         at Microsoft.EntityFrameworkCore.DbContext.SaveChangesAsync(Boolean acceptAllChangesOnSuccess, CancellationToken cancellationToken)&#xD;
[xUnit.net 00:00:01.66]       Microsoft.EntityFrameworkCore.DbUpdateException : An error occurred while saving the entity changes. See the inner exception for details.&#xD;
[xUnit.net 00:00:01.66]       ---- Microsoft.Data.SqlClient.SqlException : Cannot insert explicit value for identity column in table 'FactoryPCs' when IDENTITY_INSERT is set to OFF.&#xD;
[xUnit.net 00:00:01.66]       Stack Trace:&#xD;
[xUnit.net 00:00:01.66]            at Microsoft.EntityFrameworkCore.Update.ReaderModificationCommandBatch.ExecuteAsync(IRelationalConnection connection, CancellationToken cancellationToken)&#xD;
[xUnit.net 00:00:01.66]            at Microsoft.EntityFrameworkCore.SqlServer.Update.Internal.SqlServerModificationCommandBatch.ExecuteAsync(IRelationalConnection connection, CancellationToken cancellationToken)&#xD;
[xUnit.net 00:00:01.66]            at Microsoft.EntityFrameworkCore.Update.Internal.BatchExecutor.ExecuteAsync(IEnumerable`1 commandBatches, IRelationalConnection connection, CancellationToken cancellationToken)&#xD;
[xUnit.net 00:00:01.66]            at Microsoft.EntityFrameworkCore.Update.Internal.BatchExecutor.ExecuteAsync(IEnumerable`1 commandBatches, IRelationalConnection connection, CancellationToken cancellationToken)&#xD;
[xUnit.net 00:00:01.66]            at Microsoft.EntityFrameworkCore.Update.Internal.BatchExecutor.ExecuteAsync(IEnumerable`1 commandBatches, IRelationalConnection connection, CancellationToken cancellationToken)&#xD;
[xUnit.net 00:00:01.66]            at Microsoft.EntityFrameworkCore.ChangeTracking.Internal.StateManager.SaveChangesAsync(IList`1 entriesToSave, CancellationToken cancellationToken)&#xD;
[xUnit.net 00:00:01.66]            at Microsoft.EntityFrameworkCore.ChangeTracking.Internal.StateManager.SaveChangesAsync(StateManager stateManager, Boolean acceptAllChangesOnSuccess, CancellationToken cancellationToken)&#xD;
[xUnit.net 00:00:01.66]            at Microsoft.EntityFrameworkCore.Storage.ExecutionStrategy.&lt;&gt;c__DisplayClass30_0`2.&lt;&lt;ExecuteAsync&gt;b__0&gt;d.MoveNext()&#xD;
[xUnit.net 00:00:01.66]         --- End of stack trace from previous location ---&#xD;
[xUnit.net 00:00:01.66]            at Microsoft.EntityFrameworkCore.Storage.ExecutionStrategy.ExecuteImplementationAsync[TState,TResult](Func`4 operation, Func`4 verifySucceeded, TState state, CancellationToken cancellationToken)&#xD;
[xUnit.net 00:00:01.66]            at Microsoft.EntityFrameworkCore.Storage.ExecutionStrategy.ExecuteImplementationAsync[TState,TResult](Func`4 operation, Func`4 verifySucceeded, TState state, CancellationToken cancellationToken)&#xD;
[xUnit.net 00:00:01.66]            at Microsoft.EntityFrameworkCore.Storage.ExecutionStrategy.ExecuteAsync[TState,TResult](TState state, Func`4 operation, Func`4 verifySucceeded, CancellationToken cancellationToken)&#xD;
[xUnit.net 00:00:01.66]            at Microsoft.EntityFrameworkCore.DbContext.SaveChangesAsync(Boolean acceptAllChangesOnSuccess, CancellationToken cancellationToken)&#xD;
[xUnit.net 00:00:01.66]            at Microsoft.EntityFrameworkCore.DbContext.SaveChangesAsync(Boolean acceptAllChangesOnSuccess, CancellationToken cancellationToken)&#xD;
[xUnit.net 00:00:01.66]         D:\Projects\Modal Management\Github Code\FactoryMonitoring\tests\FactoryMonitoring.IntegrationTests\LogStructureSyncLoadTests.cs(361,0): at FactoryMonitoring.IntegrationTests.LogStructureSyncLoadTests.SeedAgents(Int32 count)&#xD;
[xUnit.net 00:00:01.66]         D:\Projects\Modal Management\Github Code\FactoryMonitoring\tests\FactoryMonitoring.IntegrationTests\LogStructureSyncLoadTests.cs(287,0): at FactoryMonitoring.IntegrationTests.LogStructureSyncLoadTests.ConnectionPoolExhaustion_500ConcurrentConnections()&#xD;
[xUnit.net 00:00:01.66]         --- End of stack trace from previous location ---&#xD;
[xUnit.net 00:00:01.66]         ----- Inner Stack Trace -----&#xD;
[xUnit.net 00:00:01.66]            at Microsoft.Data.SqlClient.SqlCommand.&lt;&gt;c.&lt;ExecuteDbDataReaderAsync&gt;b__209_0(Task`1 result)&#xD;
[xUnit.net 00:00:01.66]            at System.Threading.Tasks.ContinuationResultTaskFromResultTask`2.InnerInvoke()&#xD;
[xUnit.net 00:00:01.66]            at System.Threading.ExecutionContext.RunInternal(ExecutionContext executionContext, ContextCallback callback, Object state)&#xD;
[xUnit.net 00:00:01.66]         --- End of stack trace from previous location ---&#xD;
[xUnit.net 00:00:01.66]            at System.Threading.ExecutionContext.RunInternal(ExecutionContext executionContext, ContextCallback callback, Object state)&#xD;
[xUnit.net 00:00:01.66]            at System.Threading.Tasks.Task.ExecuteWithThreadLocal(Task&amp; currentTaskSlot, Thread threadPoolThread)&#xD;
[xUnit.net 00:00:01.66]         --- End of stack trace from previous location ---&#xD;
[xUnit.net 00:00:01.66]            at Microsoft.EntityFrameworkCore.Storage.RelationalCommand.ExecuteReaderAsync(RelationalCommandParameterObject parameterObject, CancellationToken cancellationToken)&#xD;
[xUnit.net 00:00:01.66]            at Microsoft.EntityFrameworkCore.Storage.RelationalCommand.ExecuteReaderAsync(RelationalCommandParameterObject parameterObject, CancellationToken cancellationToken)&#xD;
[xUnit.net 00:00:01.66]            at Microsoft.EntityFrameworkCore.Update.ReaderModificationCommandBatch.ExecuteAsync(IRelationalConnection connection, CancellationToken cancellationToken)&#xD;
[SETUP] Testing JSON parsing of 365.9 KB payload, 100 iterations&#xD;
[RESULTS] JSON Serialization Overhead&#xD;
  Total time:        1017 ms for 100 iterations&#xD;
  Avg per parse:     10.17 ms&#xD;
  Parses per second: 98&#xD;
[xUnit.net 00:00:03.11]       Expected parsesPerSecond to be greater than 500.0 because Parsing throughput 98/sec cannot handle 500 agents!, but found 98.32841691248773 (difference of -401.67158308751226).&#xD;
[xUnit.net 00:00:03.11]       Stack Trace:&#xD;
[xUnit.net 00:00:03.11]            at FluentAssertions.Execution.XUnit2TestFramework.Throw(String message)&#xD;
[xUnit.net 00:00:03.11]            at FluentAssertions.Execution.TestFrameworkProvider.Throw(String message)&#xD;
[xUnit.net 00:00:03.11]            at FluentAssertions.Execution.DefaultAssertionStrategy.HandleFailure(String message)&#xD;
[xUnit.net 00:00:03.11]            at FluentAssertions.Execution.AssertionScope.FailWith(Func`1 failReasonFunc)&#xD;
[xUnit.net 00:00:03.11]            at FluentAssertions.Execution.AssertionScope.FailWith(Func`1 failReasonFunc)&#xD;
[xUnit.net 00:00:03.11]            at FluentAssertions.Execution.AssertionScope.FailWith(String message, Object[] args)&#xD;
[xUnit.net 00:00:03.11]            at FluentAssertions.Numeric.NumericAssertions`2.BeGreaterThan(T expected, String because, Object[] becauseArgs)&#xD;
[xUnit.net 00:00:03.11]         D:\Projects\Modal Management\Github Code\FactoryMonitoring\tests\FactoryMonitoring.IntegrationTests\LogStructureSyncLoadTests.cs(167,0): at FactoryMonitoring.IntegrationTests.LogStructureSyncLoadTests.JsonSerializationOverhead_365KB_Payloads()&#xD;
[xUnit.net 00:00:03.11]            at System.RuntimeMethodHandle.InvokeMethod(Object target, Void** arguments, Signature sig, Boolean isConstructor)&#xD;
[xUnit.net 00:00:03.11]            at System.Reflection.MethodBaseInvoker.InvokeWithNoArgs(Object obj, BindingFlags invokeAttr)&#xD;
[RESULTS] Sustained Load Test&#xD;
  Duration:      10.0 seconds&#xD;
  Operations:    59,848&#xD;
  Ops/second:    5985&#xD;
  Initial mem:   2.0 MB&#xD;
  Final mem:     87.0 MB&#xD;
  GC collections: 1393&#xD;
  Cache items:   40&#xD;
  Hit rate:      0.0%&#xD;
[xUnit.net 00:00:10.86]   Finished:    FactoryMonitoring.IntegrationTests&#xD;
</StdOut>
    </Output>
    <RunInfos>
      <RunInfo computerName="BHAVIK" outcome="Error" timestamp="2026-01-13T23:50:44.8592828+05:30">
        <Text>[xUnit.net 00:00:00.77]     FactoryMonitoring.IntegrationTests.LogFileContentLoadTests.DeduplicationUnderLoad_50ConcurrentRequests [FAIL]</Text>
      </RunInfo>
      <RunInfo computerName="BHAVIK" outcome="Error" timestamp="2026-01-13T23:50:45.5733061+05:30">
        <Text>[xUnit.net 00:00:01.49]     FactoryMonitoring.IntegrationTests.LogStructureSyncLoadTests.DatabaseBackpressure_500Agents_365KB_LogStructures [FAIL]</Text>
      </RunInfo>
      <RunInfo computerName="BHAVIK" outcome="Error" timestamp="2026-01-13T23:50:45.6434818+05:30">
        <Text>[xUnit.net 00:00:01.56]     FactoryMonitoring.IntegrationTests.LogStructureSyncLoadTests.RaceConditions_DataIntegrity_UnderSaturation [FAIL]</Text>
      </RunInfo>
      <RunInfo computerName="BHAVIK" outcome="Error" timestamp="2026-01-13T23:50:45.7461731+05:30">
        <Text>[xUnit.net 00:00:01.66]     FactoryMonitoring.IntegrationTests.LogStructureSyncLoadTests.ConnectionPoolExhaustion_500ConcurrentConnections [FAIL]</Text>
      </RunInfo>
      <RunInfo computerName="BHAVIK" outcome="Error" timestamp="2026-01-13T23:50:47.1926014+05:30">
        <Text>[xUnit.net 00:00:03.11]     FactoryMonitoring.IntegrationTests.LogStructureSyncLoadTests.JsonSerializationOverhead_365KB_Payloads [FAIL]</Text>
      </RunInfo>
    </RunInfos>
  </ResultSummary>
</TestRun>